{"numFailedTestSuites":6,"numFailedTests":9,"numPassedTestSuites":5,"numPassedTests":81,"numPendingTestSuites":0,"numPendingTests":0,"numRuntimeErrorTestSuites":2,"numTodoTests":0,"numTotalTestSuites":11,"numTotalTests":90,"openHandles":[],"snapshot":{"added":0,"didUpdate":false,"failure":false,"filesAdded":0,"filesRemoved":0,"filesRemovedList":[],"filesUnmatched":0,"filesUpdated":0,"matched":0,"total":0,"unchecked":0,"uncheckedKeysByFile":[],"unmatched":0,"updated":0},"startTime":1752527097640,"success":false,"testResults":[{"assertionResults":[{"ancestorTitles":["LoadingSpinner"],"failureMessages":[],"fullName":"LoadingSpinner renders with default props","location":null,"status":"passed","title":"renders with default props"},{"ancestorTitles":["LoadingSpinner"],"failureMessages":[],"fullName":"LoadingSpinner displays custom message","location":null,"status":"passed","title":"displays custom message"},{"ancestorTitles":["LoadingSpinner"],"failureMessages":[],"fullName":"LoadingSpinner applies small size class","location":null,"status":"passed","title":"applies small size class"},{"ancestorTitles":["LoadingSpinner"],"failureMessages":[],"fullName":"LoadingSpinner applies large size class","location":null,"status":"passed","title":"applies large size class"},{"ancestorTitles":["LoadingSpinner"],"failureMessages":[],"fullName":"LoadingSpinner applies default size class when no size specified","location":null,"status":"passed","title":"applies default size class when no size specified"},{"ancestorTitles":["LoadingSpinner"],"failureMessages":[],"fullName":"LoadingSpinner renders spinner element","location":null,"status":"passed","title":"renders spinner element"}],"endTime":1752527098796,"message":"","name":"/Users/mdb/Documents/GitHub/brandtalent-87870798/FE-Take-Home/fruits-app/src/components/common/LoadingSpinner.test.tsx","startTime":1752527098308,"status":"passed","summary":""},{"assertionResults":[{"ancestorTitles":["ErrorDisplay"],"failureMessages":[],"fullName":"ErrorDisplay renders error message","location":null,"status":"passed","title":"renders error message"},{"ancestorTitles":["ErrorDisplay"],"failureMessages":[],"fullName":"ErrorDisplay displays error icon","location":null,"status":"passed","title":"displays error icon"},{"ancestorTitles":["ErrorDisplay"],"failureMessages":[],"fullName":"ErrorDisplay displays retry button","location":null,"status":"passed","title":"displays retry button"},{"ancestorTitles":["ErrorDisplay"],"failureMessages":[],"fullName":"ErrorDisplay calls onRetry when retry button is clicked","location":null,"status":"passed","title":"calls onRetry when retry button is clicked"},{"ancestorTitles":["ErrorDisplay"],"failureMessages":[],"fullName":"ErrorDisplay displays helpful message","location":null,"status":"passed","title":"displays helpful message"},{"ancestorTitles":["ErrorDisplay"],"failureMessages":[],"fullName":"ErrorDisplay handles different error messages","location":null,"status":"passed","title":"handles different error messages"},{"ancestorTitles":["ErrorDisplay"],"failureMessages":[],"fullName":"ErrorDisplay renders without onRetry prop","location":null,"status":"passed","title":"renders without onRetry prop"},{"ancestorTitles":["ErrorDisplay"],"failureMessages":[],"fullName":"ErrorDisplay displays error title","location":null,"status":"passed","title":"displays error title"}],"endTime":1752527098823,"message":"","name":"/Users/mdb/Documents/GitHub/brandtalent-87870798/FE-Take-Home/fruits-app/src/components/common/ErrorDisplay.test.tsx","startTime":1752527098290,"status":"passed","summary":""},{"assertionResults":[{"ancestorTitles":["SearchInput"],"failureMessages":[],"fullName":"SearchInput renders with default props","location":null,"status":"passed","title":"renders with default props"},{"ancestorTitles":["SearchInput"],"failureMessages":[],"fullName":"SearchInput renders with custom placeholder","location":null,"status":"passed","title":"renders with custom placeholder"},{"ancestorTitles":["SearchInput"],"failureMessages":["Error: \u001b[2mexpect(\u001b[22m\u001b[31mjest.fn()\u001b[39m\u001b[2m).\u001b[22mnot\u001b[2m.\u001b[22mtoHaveBeenCalled\u001b[2m()\u001b[22m\n\nExpected number of calls: \u001b[32m0\u001b[39m\nReceived number of calls: \u001b[31m1\u001b[39m\n\n1: \u001b[31m\"\"\u001b[39m\n    at Object.<anonymous> (/Users/mdb/Documents/GitHub/brandtalent-87870798/FE-Take-Home/fruits-app/src/components/common/SearchInput/SearchInput.test.tsx:34:30)\n    at Promise.then.completed (/Users/mdb/Documents/GitHub/brandtalent-87870798/FE-Take-Home/fruits-app/node_modules/jest-circus/build/utils.js:391:28)\n    at new Promise (<anonymous>)\n    at callAsyncCircusFn (/Users/mdb/Documents/GitHub/brandtalent-87870798/FE-Take-Home/fruits-app/node_modules/jest-circus/build/utils.js:316:10)\n    at _callCircusTest (/Users/mdb/Documents/GitHub/brandtalent-87870798/FE-Take-Home/fruits-app/node_modules/jest-circus/build/run.js:218:40)\n    at processTicksAndRejections (node:internal/process/task_queues:95:5)\n    at _runTest (/Users/mdb/Documents/GitHub/brandtalent-87870798/FE-Take-Home/fruits-app/node_modules/jest-circus/build/run.js:155:3)\n    at _runTestsForDescribeBlock (/Users/mdb/Documents/GitHub/brandtalent-87870798/FE-Take-Home/fruits-app/node_modules/jest-circus/build/run.js:66:9)\n    at _runTestsForDescribeBlock (/Users/mdb/Documents/GitHub/brandtalent-87870798/FE-Take-Home/fruits-app/node_modules/jest-circus/build/run.js:60:9)\n    at run (/Users/mdb/Documents/GitHub/brandtalent-87870798/FE-Take-Home/fruits-app/node_modules/jest-circus/build/run.js:25:3)\n    at runAndTransformResultsToJestFormat (/Users/mdb/Documents/GitHub/brandtalent-87870798/FE-Take-Home/fruits-app/node_modules/jest-circus/build/legacy-code-todo-rewrite/jestAdapterInit.js:170:21)\n    at jestAdapter (/Users/mdb/Documents/GitHub/brandtalent-87870798/FE-Take-Home/fruits-app/node_modules/jest-circus/build/legacy-code-todo-rewrite/jestAdapter.js:82:19)\n    at runTestInternal (/Users/mdb/Documents/GitHub/brandtalent-87870798/FE-Take-Home/fruits-app/node_modules/jest-runner/build/runTest.js:389:16)\n    at runTest (/Users/mdb/Documents/GitHub/brandtalent-87870798/FE-Take-Home/fruits-app/node_modules/jest-runner/build/runTest.js:475:34)\n    at Object.worker (/Users/mdb/Documents/GitHub/brandtalent-87870798/FE-Take-Home/fruits-app/node_modules/jest-runner/build/testWorker.js:133:12)"],"fullName":"SearchInput calls onSearch with debounced value","location":null,"status":"failed","title":"calls onSearch with debounced value"},{"ancestorTitles":["SearchInput"],"failureMessages":[],"fullName":"SearchInput clears search when Escape key is pressed","location":null,"status":"passed","title":"clears search when Escape key is pressed"},{"ancestorTitles":["SearchInput"],"failureMessages":[],"fullName":"SearchInput shows clear button when there is text","location":null,"status":"passed","title":"shows clear button when there is text"},{"ancestorTitles":["SearchInput"],"failureMessages":[],"fullName":"SearchInput clears search when clear button is clicked","location":null,"status":"passed","title":"clears search when clear button is clicked"},{"ancestorTitles":["SearchInput"],"failureMessages":[],"fullName":"SearchInput has proper accessibility attributes","location":null,"status":"passed","title":"has proper accessibility attributes"},{"ancestorTitles":["SearchInput"],"failureMessages":[],"fullName":"SearchInput applies custom className","location":null,"status":"passed","title":"applies custom className"}],"endTime":1752527098900,"message":"\u001b[1m\u001b[31m  \u001b[1m● \u001b[22m\u001b[1mSearchInput › calls onSearch with debounced value\u001b[39m\u001b[22m\n\n    \u001b[2mexpect(\u001b[22m\u001b[31mjest.fn()\u001b[39m\u001b[2m).\u001b[22mnot\u001b[2m.\u001b[22mtoHaveBeenCalled\u001b[2m()\u001b[22m\n\n    Expected number of calls: \u001b[32m0\u001b[39m\n    Received number of calls: \u001b[31m1\u001b[39m\n\n    1: \u001b[31m\"\"\u001b[39m\n\u001b[2m\u001b[22m\n\u001b[2m    \u001b[0m \u001b[90m 32 |\u001b[39m     \u001b[22m\n\u001b[2m     \u001b[90m 33 |\u001b[39m     \u001b[90m// Should not call immediately\u001b[39m\u001b[22m\n\u001b[2m    \u001b[31m\u001b[1m>\u001b[22m\u001b[2m\u001b[39m\u001b[90m 34 |\u001b[39m     expect(mockOnSearch)\u001b[33m.\u001b[39mnot\u001b[33m.\u001b[39mtoHaveBeenCalled()\u001b[33m;\u001b[39m\u001b[22m\n\u001b[2m     \u001b[90m    |\u001b[39m                              \u001b[31m\u001b[1m^\u001b[22m\u001b[2m\u001b[39m\u001b[22m\n\u001b[2m     \u001b[90m 35 |\u001b[39m     \u001b[22m\n\u001b[2m     \u001b[90m 36 |\u001b[39m     \u001b[90m// Fast forward time\u001b[39m\u001b[22m\n\u001b[2m     \u001b[90m 37 |\u001b[39m     jest\u001b[33m.\u001b[39madvanceTimersByTime(\u001b[35m300\u001b[39m)\u001b[33m;\u001b[39m\u001b[0m\u001b[22m\n\u001b[2m\u001b[22m\n\u001b[2m      \u001b[2mat Object.<anonymous> (\u001b[22m\u001b[2m\u001b[0m\u001b[36msrc/components/common/SearchInput/SearchInput.test.tsx\u001b[39m\u001b[0m\u001b[2m:34:30)\u001b[22m\u001b[2m\u001b[22m\n","name":"/Users/mdb/Documents/GitHub/brandtalent-87870798/FE-Take-Home/fruits-app/src/components/common/SearchInput/SearchInput.test.tsx","startTime":1752527098286,"status":"failed","summary":""},{"assertionResults":[{"ancestorTitles":["api","getFruits"],"failureMessages":[],"fullName":"api getFruits fetches fruits successfully","location":null,"status":"passed","title":"fetches fruits successfully"},{"ancestorTitles":["api","getFruits"],"failureMessages":[],"fullName":"api getFruits throws error when response is not ok","location":null,"status":"passed","title":"throws error when response is not ok"},{"ancestorTitles":["api","getFruits"],"failureMessages":[],"fullName":"api getFruits throws error when network request fails","location":null,"status":"passed","title":"throws error when network request fails"},{"ancestorTitles":["api","getFruits"],"failureMessages":[],"fullName":"api getFruits uses correct API URL","location":null,"status":"passed","title":"uses correct API URL"},{"ancestorTitles":["api","getFruits"],"failureMessages":[],"fullName":"api getFruits handles empty response","location":null,"status":"passed","title":"handles empty response"},{"ancestorTitles":["api","getFruits"],"failureMessages":[],"fullName":"api getFruits handles large response","location":null,"status":"passed","title":"handles large response"}],"endTime":1752527098939,"message":"","name":"/Users/mdb/Documents/GitHub/brandtalent-87870798/FE-Take-Home/fruits-app/src/services/api.test.ts","startTime":1752527098818,"status":"passed","summary":""},{"assertionResults":[{"ancestorTitles":["useDebounce"],"failureMessages":[],"fullName":"useDebounce should return the initial value immediately","location":null,"status":"passed","title":"should return the initial value immediately"},{"ancestorTitles":["useDebounce"],"failureMessages":[],"fullName":"useDebounce should debounce value changes","location":null,"status":"passed","title":"should debounce value changes"},{"ancestorTitles":["useDebounce"],"failureMessages":[],"fullName":"useDebounce should cancel previous timeout when value changes quickly","location":null,"status":"passed","title":"should cancel previous timeout when value changes quickly"},{"ancestorTitles":["useDebounce"],"failureMessages":[],"fullName":"useDebounce should use default delay of 300ms","location":null,"status":"passed","title":"should use default delay of 300ms"},{"ancestorTitles":["useDebounce"],"failureMessages":[],"fullName":"useDebounce should work with different delay values","location":null,"status":"passed","title":"should work with different delay values"}],"endTime":1752527098966,"message":"","name":"/Users/mdb/Documents/GitHub/brandtalent-87870798/FE-Take-Home/fruits-app/src/hooks/useDebounce.test.ts","startTime":1752527098856,"status":"passed","summary":""},{"assertionResults":[{"ancestorTitles":["fruitUtils","groupFruitsByField"],"failureMessages":[],"fullName":"fruitUtils groupFruitsByField returns All Fruits group for empty fruits array","location":null,"status":"passed","title":"returns All Fruits group for empty fruits array"},{"ancestorTitles":["fruitUtils","groupFruitsByField"],"failureMessages":[],"fullName":"fruitUtils groupFruitsByField returns All Fruits group for None grouping","location":null,"status":"passed","title":"returns All Fruits group for None grouping"},{"ancestorTitles":["fruitUtils","groupFruitsByField"],"failureMessages":[],"fullName":"fruitUtils groupFruitsByField groups fruits by family","location":null,"status":"passed","title":"groups fruits by family"},{"ancestorTitles":["fruitUtils","groupFruitsByField"],"failureMessages":[],"fullName":"fruitUtils groupFruitsByField groups fruits by order","location":null,"status":"passed","title":"groups fruits by order"},{"ancestorTitles":["fruitUtils","groupFruitsByField"],"failureMessages":[],"fullName":"fruitUtils groupFruitsByField groups fruits by genus","location":null,"status":"passed","title":"groups fruits by genus"},{"ancestorTitles":["fruitUtils","groupFruitsByField"],"failureMessages":[],"fullName":"fruitUtils groupFruitsByField handles fruits with same grouping values","location":null,"status":"passed","title":"handles fruits with same grouping values"},{"ancestorTitles":["fruitUtils","addFruitToJar"],"failureMessages":[],"fullName":"fruitUtils addFruitToJar adds new fruit to empty jar","location":null,"status":"passed","title":"adds new fruit to empty jar"},{"ancestorTitles":["fruitUtils","addFruitToJar"],"failureMessages":[],"fullName":"fruitUtils addFruitToJar increments quantity for existing fruit","location":null,"status":"passed","title":"increments quantity for existing fruit"},{"ancestorTitles":["fruitUtils","addFruitToJar"],"failureMessages":[],"fullName":"fruitUtils addFruitToJar adds different fruit to jar with existing items","location":null,"status":"passed","title":"adds different fruit to jar with existing items"},{"ancestorTitles":["fruitUtils","addFruitToJar"],"failureMessages":[],"fullName":"fruitUtils addFruitToJar handles empty jar items array","location":null,"status":"passed","title":"handles empty jar items array"},{"ancestorTitles":["fruitUtils","addGroupToJar"],"failureMessages":[],"fullName":"fruitUtils addGroupToJar adds all fruits from group to empty jar","location":null,"status":"passed","title":"adds all fruits from group to empty jar"},{"ancestorTitles":["fruitUtils","addGroupToJar"],"failureMessages":[],"fullName":"fruitUtils addGroupToJar increments quantities for existing fruits in jar","location":null,"status":"passed","title":"increments quantities for existing fruits in jar"},{"ancestorTitles":["fruitUtils","addGroupToJar"],"failureMessages":[],"fullName":"fruitUtils addGroupToJar adds new fruits to jar with existing items","location":null,"status":"passed","title":"adds new fruits to jar with existing items"},{"ancestorTitles":["fruitUtils","addGroupToJar"],"failureMessages":[],"fullName":"fruitUtils addGroupToJar handles empty jar items array","location":null,"status":"passed","title":"handles empty jar items array"},{"ancestorTitles":["fruitUtils","addGroupToJar"],"failureMessages":[],"fullName":"fruitUtils addGroupToJar handles empty group fruits array","location":null,"status":"passed","title":"handles empty group fruits array"},{"ancestorTitles":["fruitUtils","addGroupToJar"],"failureMessages":[],"fullName":"fruitUtils addGroupToJar handles duplicate fruits in group","location":null,"status":"passed","title":"handles duplicate fruits in group"}],"endTime":1752527099000,"message":"","name":"/Users/mdb/Documents/GitHub/brandtalent-87870798/FE-Take-Home/fruits-app/src/utils/fruitUtils.test.ts","startTime":1752527098912,"status":"passed","summary":""},{"assertionResults":[{"ancestorTitles":["FruitList"],"failureMessages":[],"fullName":"FruitList renders without crashing","location":null,"status":"passed","title":"renders without crashing"},{"ancestorTitles":["FruitList"],"failureMessages":[],"fullName":"FruitList displays group by selector","location":null,"status":"passed","title":"displays group by selector"},{"ancestorTitles":["FruitList"],"failureMessages":[],"fullName":"FruitList displays view mode selector","location":null,"status":"passed","title":"displays view mode selector"},{"ancestorTitles":["FruitList"],"failureMessages":["TestingLibraryElementError: Unable to find an element with the text: Apple (52 calories). This could be because the text is broken up by multiple elements. In this case, you can provide a function for your text matcher to make your matcher more flexible.\n\nIgnored nodes: comments, script, style\n\u001b[36m<body>\u001b[39m\n  \u001b[36m<div>\u001b[39m\n    \u001b[36m<div\u001b[39m\n      \u001b[33maria-label\u001b[39m=\u001b[32m\"Fruit list controls and display\"\u001b[39m\n      \u001b[33mclass\u001b[39m=\u001b[32m\"w-full\"\u001b[39m\n      \u001b[33mrole\u001b[39m=\u001b[32m\"region\"\u001b[39m\n    \u001b[36m>\u001b[39m\n      \u001b[36m<div\u001b[39m\n        \u001b[33mclass\u001b[39m=\u001b[32m\"flex flex-col md:flex-row md:items-center md:justify-between mb-4 gap-2\"\u001b[39m\n      \u001b[36m>\u001b[39m\n        \u001b[36m<div\u001b[39m\n          \u001b[33mclass\u001b[39m=\u001b[32m\"flex items-center gap-2\"\u001b[39m\n        \u001b[36m>\u001b[39m\n          \u001b[36m<label\u001b[39m\n            \u001b[33mclass\u001b[39m=\u001b[32m\"text-gray-700 font-medium\"\u001b[39m\n            \u001b[33mfor\u001b[39m=\u001b[32m\"groupBy\"\u001b[39m\n          \u001b[36m>\u001b[39m\n            \u001b[0mGroup by:\u001b[0m\n          \u001b[36m</label>\u001b[39m\n          \u001b[36m<select\u001b[39m\n            \u001b[33maria-describedby\u001b[39m=\u001b[32m\"groupBy-description\"\u001b[39m\n            \u001b[33mclass\u001b[39m=\u001b[32m\"border border-gray-300 rounded px-2 py-1 text-sm focus:outline-none focus:ring-2 focus:ring-primary-200\"\u001b[39m\n            \u001b[33mid\u001b[39m=\u001b[32m\"groupBy\"\u001b[39m\n          \u001b[36m>\u001b[39m\n            \u001b[36m<option\u001b[39m\n              \u001b[33mvalue\u001b[39m=\u001b[32m\"None\"\u001b[39m\n            \u001b[36m>\u001b[39m\n              \u001b[0mNone\u001b[0m\n            \u001b[36m</option>\u001b[39m\n            \u001b[36m<option\u001b[39m\n              \u001b[33mvalue\u001b[39m=\u001b[32m\"Family\"\u001b[39m\n            \u001b[36m>\u001b[39m\n              \u001b[0mFamily\u001b[0m\n            \u001b[36m</option>\u001b[39m\n            \u001b[36m<option\u001b[39m\n              \u001b[33mvalue\u001b[39m=\u001b[32m\"Order\"\u001b[39m\n            \u001b[36m>\u001b[39m\n              \u001b[0mOrder\u001b[0m\n            \u001b[36m</option>\u001b[39m\n            \u001b[36m<option\u001b[39m\n              \u001b[33mvalue\u001b[39m=\u001b[32m\"Genus\"\u001b[39m\n            \u001b[36m>\u001b[39m\n              \u001b[0mGenus\u001b[0m\n            \u001b[36m</option>\u001b[39m\n          \u001b[36m</select>\u001b[39m\n          \u001b[36m<span\u001b[39m\n            \u001b[33mclass\u001b[39m=\u001b[32m\"sr-only\"\u001b[39m\n            \u001b[33mid\u001b[39m=\u001b[32m\"groupBy-description\"\u001b[39m\n          \u001b[36m>\u001b[39m\n            \u001b[0mSelect how to group the fruits\u001b[0m\n          \u001b[36m</span>\u001b[39m\n        \u001b[36m</div>\u001b[39m\n        \u001b[36m<div\u001b[39m\n          \u001b[33mclass\u001b[39m=\u001b[32m\"flex items-center gap-2\"\u001b[39m\n        \u001b[36m>\u001b[39m\n          \u001b[36m<label\u001b[39m\n            \u001b[33mclass\u001b[39m=\u001b[32m\"text-gray-700 font-medium\"\u001b[39m\n            \u001b[33mfor\u001b[39m=\u001b[32m\"viewMode\"\u001b[39m\n          \u001b[36m>\u001b[39m\n            \u001b[0mView:\u001b[0m\n          \u001b[36m</label>\u001b[39m\n          \u001b[36m<select\u001b[39m\n            \u001b[33maria-describedby\u001b[39m=\u001b[32m\"viewMode-description\"\u001b[39m\n            \u001b[33mclass\u001b[39m=\u001b[32m\"border border-gray-300 rounded px-2 py-1 text-sm focus:outline-none focus:ring-2 focus:ring-primary-200\"\u001b[39m\n            \u001b[33mid\u001b[39m=\u001b[32m\"viewMode\"\u001b[39m\n          \u001b[36m>\u001b[39m\n            \u001b[36m<option\u001b[39m\n              \u001b[33mvalue\u001b[39m=\u001b[32m\"list\"\u001b[39m\n            \u001b[36m>\u001b[39m\n              \u001b[0mList\u001b[0m\n            \u001b[36m</option>\u001b[39m\n            \u001b[36m<option\u001b[39m\n              \u001b[33mvalue\u001b[39m=\u001b[32m\"table\"\u001b[39m\n            \u001b[36m>\u001b[39m\n              \u001b[0mTable\u001b[0m\n            \u001b[36m</option>\u001b[39m\n          \u001b[36m</select>\u001b[39m\n          \u001b[36m<span\u001b[39m\n            \u001b[33mclass\u001b[39m=\u001b[32m\"sr-only\"\u001b[39m\n            \u001b[33mid\u001b[39m=\u001b[32m\"viewMode-description\"\u001b[39m\n          \u001b[36m>\u001b[39m\n            \u001b[0mSelect the display format for fruits\u001b[0m\n          \u001b[36m</span>\u001b[39m\n        \u001b[36m</div>\u001b[39m\n      \u001b[36m</div>\u001b[39m\n      \u001b[36m<div\u001b[39m\n        \u001b[33maria-label\u001b[39m=\u001b[32m\"List of fruits\"\u001b[39m\n        \u001b[33mclass\u001b[39m=\u001b[32m\"border border-gray-200 rounded-lg overflow-hidden\"\u001b[39m\n        \u001b[33mrole\u001b[39m=\u001b[32m\"list\"\u001b[39m\n        \u001b[33mstyle\u001b[39m=\u001b[32m\"height: 600px;\"\u001b[39m\n      \u001b[36m>\u001b[39m\n        \u001b[36m<div\u001b[39m\n          \u001b[33maria-label\u001b[39m=\u001b[32m\"Scrollable fruit list\"\u001b[39m\n          \u001b[33mclass\u001b[39m=\u001b[32m\"relative overflow-auto\"\u001b[39m\n          \u001b[33mrole\u001b[39m=\u001b[32m\"listbox\"\u001b[39m\n          \u001b[33mstyle\u001b[39m=\u001b[32m\"height: 100%;\"\u001b[39m\n        \u001b[36m>\u001b[39m\n          \u001b[36m<div\u001b[39m\n            \u001b[33mstyle\u001b[39m=\u001b[32m\"height: 240px; position: relative;\"\u001b[39m\n          \u001b[36m>\u001b[39m\n            \u001b[36m<div\u001b[39m\n              \u001b[33mstyle\u001b[39m=\u001b[32m\"transform: translateY(0px);\"\u001b[39m\n            \u001b[36m>\u001b[39m\n              \u001b[36m<div\u001b[39m\n                \u001b[33maria-label\u001b[39m=\u001b[32m\"Apple, Rosaceae family, 52 calories. Click to view details.\"\u001b[39m\n                \u001b[33mclass\u001b[39m=\u001b[32m\"flex items-center justify-between p-4 border-b border-gray-100 hover:bg-blue-50 focus:bg-blue-50 focus:outline-none focus:ring-2 focus:ring-blue-500 focus:ring-inset transition-colors cursor-pointer\"\u001b[39m\n                \u001b[33mrole\u001b[39m=\u001b[32m\"listitem\"\u001b[39m\n                \u001b[33mstyle\u001b[39m=\u001b[32m\"height: 80px;\"\u001b[39m\n                \u001b[33mtabindex\u001b[39m=\u001b[32m\"0\"\u001b[39m\n              \u001b[36m>\u001b[39m\n                \u001b[36m<div\u001b[39m\n                  \u001b[33mclass\u001b[39m=\u001b[32m\"flex-1\"\u001b[39m\n                \u001b[36m>\u001b[39m\n                  \u001b[36m<div\u001b[39m\n                    \u001b[33mclass\u001b[39m=\u001b[32m\"flex items-center space-x-3\"\u001b[39m\n                  \u001b[36m>\u001b[39m\n                    \u001b[36m<div\u001b[39m\n                      \u001b[33maria-hidden\u001b[39m=\u001b[32m\"true\"\u001b[39m\n                      \u001b[33mclass\u001b[39m=\u001b[32m\"text-2xl\"\u001b[39m\n                    \u001b[36m>\u001b[39m\n                      \u001b[0m🍎\u001b[0m\n                    \u001b[36m</div>\u001b[39m\n                    \u001b[36m<div>\u001b[39m\n                      \u001b[36m<h3\u001b[39m\n                        \u001b[33mclass\u001b[39m=\u001b[32m\"font-semibold text-gray-900\"\u001b[39m\n                      \u001b[36m>\u001b[39m\n                        \u001b[0mApple\u001b[0m\n                      \u001b[36m</h3>\u001b[39m\n                      \u001b[36m<p\u001b[39m\n                        \u001b[33mclass\u001b[39m=\u001b[32m\"text-sm text-gray-600\"\u001b[39m\n                      \u001b[36m>\u001b[39m\n                        \u001b[0mRosaceae\u001b[0m\n                      \u001b[36m</p>\u001b[39m\n                    \u001b[36m</div>\u001b[39m\n                  \u001b[36m</div>\u001b[39m\n                \u001b[36m</div>\u001b[39m\n                \u001b[36m<div\u001b[39m\n                  \u001b[33mclass\u001b[39m=\u001b[32m\"flex items-center space-x-2\"\u001b[39m\n                \u001b[36m>\u001b[39m\n                  \u001b[36m<span\u001b[39m\n                    \u001b[33mclass\u001b[39m=\u001b[32m\"text-sm text-gray-500\"\u001b[39m\n                  \u001b[36m>\u001b[39m\n                    \u001b[0m52\u001b[0m\n                    \u001b[0m cal\u001b[0m\n                  \u001b[36m</span>\u001b[39m\n                  \u001b[36m<button\u001b[39m\n                    \u001b[33maria-label\u001b[39m=\u001b[32m\"Add Apple to jar\"\u001b[39m\n                    \u001b[33mclass\u001b[39m=\u001b[32m\"px-3 py-1 text-sm bg-primary-600 hover:bg-primary-700 text-white rounded transition-colors focus:outline-none focus:ring-2 focus:ring-primary-500 focus:ring-offset-2\"\u001b[39m\n                  \u001b[36m>\u001b[39m\n                    \u001b[0mAdd\u001b[0m\n                  \u001b[36m</button>\u001b[39m\n                \u001b[36m</div>\u001b[39m\n              \u001b[36m</div>\u001b[39m\n              \u001b[36m<div\u001b[39m\n                \u001b[33maria-label\u001b[39m=\u001b[32m\"Banana, Musaceae family, 89 calories. Click to view details.\"\u001b[39m\n                \u001b[33mclass\u001b[39m=\u001b[32m\"flex items-center justify-between p-4 border-b border-gray-100 hover:bg-blue-50 focus:bg-blue-50 focus:outline-none focus:ring-2 focus:ring-blue-500 focus:ring-inset transition-colors cursor-pointer\"\u001b[39m\n                \u001b[33mrole\u001b[39m=\u001b[32m\"listitem\"\u001b[39m\n                \u001b[33mstyle\u001b[39m=\u001b[32m\"height: 80px;\"\u001b[39m\n                \u001b[33mtabindex\u001b[39m=\u001b[32m\"0\"\u001b[39m\n              \u001b[36m>\u001b[39m\n                \u001b[36m<div\u001b[39m\n                  \u001b[33mclass\u001b[39m=\u001b[32m\"flex-1\"\u001b[39m\n                \u001b[36m>\u001b[39m\n                  \u001b[36m<div\u001b[39m\n                    \u001b[33mclass\u001b[39m=\u001b[32m\"flex items-center space-x-3\"\u001b[39m\n                  \u001b[36m>\u001b[39m\n                    \u001b[36m<div\u001b[39m\n                      \u001b[33maria-hidden\u001b[39m=\u001b[32m\"true\"\u001b[39m\n                      \u001b[33mclass\u001b[39m=\u001b[32m\"text-2xl\"\u001b[39m\n                    \u001b[36m>\u001b[39m\n                      \u001b[0m🍌\u001b[0m\n                    \u001b[36m</div>\u001b[39m\n                    \u001b[36m<div>\u001b[39m\n                      \u001b[36m<h3\u001b[39m\n                        \u001b[33mclass\u001b[39m=\u001b[32m\"font-semibold text-gray-900\"\u001b[39m\n                      \u001b[36m>\u001b[39m\n                        \u001b[0mBanana\u001b[0m\n                      \u001b[36m</h3>\u001b[39m\n                      \u001b[36m<p\u001b[39m\n                        \u001b[33mclass\u001b[39m=\u001b[32m\"text-sm text-gray-600\"\u001b[39m\n                      \u001b[36m>\u001b[39m\n                        \u001b[0mMusaceae\u001b[0m\n                      \u001b[36m</p>\u001b[39m\n                    \u001b[36m</div>\u001b[39m\n                  \u001b[36m</div>\u001b[39m\n                \u001b[36m</div>\u001b[39m\n                \u001b[36m<div\u001b[39m\n                  \u001b[33mclass\u001b[39m=\u001b[32m\"flex items-center space-x-2\"\u001b[39m\n                \u001b[36m>\u001b[39m\n                  \u001b[36m<span\u001b[39m\n                    \u001b[33mclass\u001b[39m=\u001b[32m\"text-sm text-gray-500\"\u001b[39m\n                  \u001b[36m>\u001b[39m\n                    \u001b[0m89\u001b[0m\n                    \u001b[0m cal\u001b[0m\n                  \u001b[36m</span>\u001b[39m\n                  \u001b[36m<button\u001b[39m\n                    \u001b[33maria-label\u001b[39m=\u001b[32m\"Add Banana to jar\"\u001b[39m\n                    \u001b[33mclass\u001b[39m=\u001b[32m\"px-3 py-1 text-sm bg-primary-600 hover:bg-primary-700 text-white rounded transition-colors focus:outline-none focus:ring-2 focus:ring-primary-500 focus:ring-offset-2\"\u001b[39m\n                  \u001b[36m>\u001b[39m\n                    \u001b[0mAdd\u001b[0m\n                  \u001b[36m</button>\u001b[39m\n                \u001b[36m</div>\u001b[39m\n              \u001b[36m</div>\u001b[39m\n              \u001b[36m<div\u001b[39m\n                \u001b[33maria-label\u001b[39m=\u001b[32m\"Strawberry, Rosaceae family, 32 calories. Click to view details.\"\u001b[39m\n                \u001b[33mclass\u001b[39m=\u001b[32m\"flex items-center justify-between p-4 border-b border-gray-100 hover:bg-blue-50 focus:bg-blue-50 focus:outline-none focus:ring-2 focus:ring-blue-500 focus:ring-inset transition-colors cursor-pointer\"\u001b[39m\n                \u001b[33mrole\u001b[39m=\u001b[32m\"listitem\"\u001b[39m\n                \u001b[33mstyle\u001b[39m=\u001b[32m\"height: 80px;\"\u001b[39m\n                \u001b[33mtabindex\u001b[39m=\u001b[32m\"0\"\u001b[39m\n              \u001b[36m>\u001b[39m\n                \u001b[36m<div\u001b[39m\n                  \u001b[33mclass\u001b[39m=\u001b[32m\"flex-1\"\u001b[39m\n                \u001b[36m>\u001b[39m\n                  \u001b[36m<div\u001b[39m\n                    \u001b[33mclass\u001b[39m=\u001b[32m\"flex items-center space-x-3\"\u001b[39m\n                  \u001b[36m>\u001b[39m\n                    \u001b[36m<div\u001b[39m\n                      \u001b[33maria-hidden\u001b[39m=\u001b[32m\"true\"\u001b[39m\n                      \u001b[33mclass\u001b[39m=\u001b[32m\"text-2xl\"\u001b[39m\n                    \u001b[36m>\u001b[39m\n                      \u001b[0m🍓\u001b[0m\n                    \u001b[36m</div>\u001b[39m\n                    \u001b[36m<div>\u001b[39m\n                      \u001b[36m<h3\u001b[39m\n                        \u001b[33mclass\u001b[39m=\u001b[32m\"font-semibold text-gray-900\"\u001b[39m\n                      \u001b[36m>\u001b[39m\n                        \u001b[0mStrawberry\u001b[0m\n                      \u001b[36m</h3>\u001b[39m\n                      \u001b[36m<p\u001b[39m\n                        \u001b[33mclass\u001b[39m=\u001b[32m\"text-sm text-gray-600\"\u001b[39m\n                      \u001b[36m>\u001b[39m\n                        \u001b[0mRosaceae\u001b[0m\n                      \u001b[36m</p>\u001b[39m\n                    \u001b[36m</div>\u001b[39m\n                  \u001b[36m</div>\u001b[39m\n                \u001b[36m</div>\u001b[39m\n                \u001b[36m<div\u001b[39m\n                  \u001b[33mclass\u001b[39m=\u001b[32m\"flex items-center space-x-2\"\u001b[39m\n                \u001b[36m>\u001b[39m\n                  \u001b[36m<span\u001b[39m\n                    \u001b[33mclass\u001b[39m=\u001b[32m\"text-sm text-gray-500\"\u001b[39m\n                  \u001b[36m>\u001b[39m\n                    \u001b[0m32\u001b[0m\n                    \u001b[0m cal\u001b[0m\n                  \u001b[36m</span>\u001b[39m\n                  \u001b[36m<button\u001b[39m\n                    \u001b[33maria-label\u001b[39m=\u001b[32m\"Add Strawberry to jar\"\u001b[39m\n                    \u001b[33mclass\u001b[39m=\u001b[32m\"px-3 py-1 text-sm bg-primary-600 hover:bg-primary-700 text-white rounded transition-colors focus:outline-none focus:ring-2 focus:ring-primary-500 focus:ring-offset-2\"\u001b[39m\n                  \u001b[36m>\u001b[39m\n                    \u001b[0mAdd\u001b[0m\n                  \u001b[36m</button>\u001b[39m\n                \u001b[36m</div>\u001b[39m\n              \u001b[36m</div>\u001b[39m\n            \u001b[36m</div>\u001b[39m\n          \u001b[36m</div>\u001b[39m\n        \u001b[36m</div>\u001b[39m\n      \u001b[36m</div>\u001b[39m\n    \u001b[36m</div>\u001b[39m\n  \u001b[36m</div>\u001b[39m\n\u001b[36m</body>\u001b[39m\n    at Object.getElementError (/Users/mdb/Documents/GitHub/brandtalent-87870798/FE-Take-Home/fruits-app/node_modules/@testing-library/dom/dist/config.js:37:19)\n    at /Users/mdb/Documents/GitHub/brandtalent-87870798/FE-Take-Home/fruits-app/node_modules/@testing-library/dom/dist/query-helpers.js:76:38\n    at /Users/mdb/Documents/GitHub/brandtalent-87870798/FE-Take-Home/fruits-app/node_modules/@testing-library/dom/dist/query-helpers.js:52:17\n    at getByText (/Users/mdb/Documents/GitHub/brandtalent-87870798/FE-Take-Home/fruits-app/node_modules/@testing-library/dom/dist/query-helpers.js:95:19)\n    at Object.<anonymous> (/Users/mdb/Documents/GitHub/brandtalent-87870798/FE-Take-Home/fruits-app/src/components/FruitList/FruitList.test.tsx:67:19)\n    at Promise.then.completed (/Users/mdb/Documents/GitHub/brandtalent-87870798/FE-Take-Home/fruits-app/node_modules/jest-circus/build/utils.js:391:28)\n    at new Promise (<anonymous>)\n    at callAsyncCircusFn (/Users/mdb/Documents/GitHub/brandtalent-87870798/FE-Take-Home/fruits-app/node_modules/jest-circus/build/utils.js:316:10)\n    at _callCircusTest (/Users/mdb/Documents/GitHub/brandtalent-87870798/FE-Take-Home/fruits-app/node_modules/jest-circus/build/run.js:218:40)\n    at processTicksAndRejections (node:internal/process/task_queues:95:5)\n    at _runTest (/Users/mdb/Documents/GitHub/brandtalent-87870798/FE-Take-Home/fruits-app/node_modules/jest-circus/build/run.js:155:3)\n    at _runTestsForDescribeBlock (/Users/mdb/Documents/GitHub/brandtalent-87870798/FE-Take-Home/fruits-app/node_modules/jest-circus/build/run.js:66:9)\n    at _runTestsForDescribeBlock (/Users/mdb/Documents/GitHub/brandtalent-87870798/FE-Take-Home/fruits-app/node_modules/jest-circus/build/run.js:60:9)\n    at run (/Users/mdb/Documents/GitHub/brandtalent-87870798/FE-Take-Home/fruits-app/node_modules/jest-circus/build/run.js:25:3)\n    at runAndTransformResultsToJestFormat (/Users/mdb/Documents/GitHub/brandtalent-87870798/FE-Take-Home/fruits-app/node_modules/jest-circus/build/legacy-code-todo-rewrite/jestAdapterInit.js:170:21)\n    at jestAdapter (/Users/mdb/Documents/GitHub/brandtalent-87870798/FE-Take-Home/fruits-app/node_modules/jest-circus/build/legacy-code-todo-rewrite/jestAdapter.js:82:19)\n    at runTestInternal (/Users/mdb/Documents/GitHub/brandtalent-87870798/FE-Take-Home/fruits-app/node_modules/jest-runner/build/runTest.js:389:16)\n    at runTest (/Users/mdb/Documents/GitHub/brandtalent-87870798/FE-Take-Home/fruits-app/node_modules/jest-runner/build/runTest.js:475:34)\n    at Object.worker (/Users/mdb/Documents/GitHub/brandtalent-87870798/FE-Take-Home/fruits-app/node_modules/jest-runner/build/testWorker.js:133:12)"],"fullName":"FruitList renders fruits in list view by default","location":null,"status":"failed","title":"renders fruits in list view by default"},{"ancestorTitles":["FruitList"],"failureMessages":[],"fullName":"FruitList renders fruits in table view when selected","location":null,"status":"passed","title":"renders fruits in table view when selected"},{"ancestorTitles":["FruitList"],"failureMessages":[],"fullName":"FruitList calls onAddFruit when Add button is clicked","location":null,"status":"passed","title":"calls onAddFruit when Add button is clicked"},{"ancestorTitles":["FruitList"],"failureMessages":["Error: \u001b[2mexpect(\u001b[22m\u001b[31mjest.fn()\u001b[39m\u001b[2m).\u001b[22mtoHaveBeenCalledWith\u001b[2m(\u001b[22m\u001b[32m...expected\u001b[39m\u001b[2m)\u001b[22m\n\nExpected: \u001b[32m\"table\"\u001b[39m\n\nNumber of calls: \u001b[31m0\u001b[39m\n    at Object.<anonymous> (/Users/mdb/Documents/GitHub/brandtalent-87870798/FE-Take-Home/fruits-app/src/components/FruitList/FruitList.test.tsx:92:43)\n    at Promise.then.completed (/Users/mdb/Documents/GitHub/brandtalent-87870798/FE-Take-Home/fruits-app/node_modules/jest-circus/build/utils.js:391:28)\n    at new Promise (<anonymous>)\n    at callAsyncCircusFn (/Users/mdb/Documents/GitHub/brandtalent-87870798/FE-Take-Home/fruits-app/node_modules/jest-circus/build/utils.js:316:10)\n    at _callCircusTest (/Users/mdb/Documents/GitHub/brandtalent-87870798/FE-Take-Home/fruits-app/node_modules/jest-circus/build/run.js:218:40)\n    at processTicksAndRejections (node:internal/process/task_queues:95:5)\n    at _runTest (/Users/mdb/Documents/GitHub/brandtalent-87870798/FE-Take-Home/fruits-app/node_modules/jest-circus/build/run.js:155:3)\n    at _runTestsForDescribeBlock (/Users/mdb/Documents/GitHub/brandtalent-87870798/FE-Take-Home/fruits-app/node_modules/jest-circus/build/run.js:66:9)\n    at _runTestsForDescribeBlock (/Users/mdb/Documents/GitHub/brandtalent-87870798/FE-Take-Home/fruits-app/node_modules/jest-circus/build/run.js:60:9)\n    at run (/Users/mdb/Documents/GitHub/brandtalent-87870798/FE-Take-Home/fruits-app/node_modules/jest-circus/build/run.js:25:3)\n    at runAndTransformResultsToJestFormat (/Users/mdb/Documents/GitHub/brandtalent-87870798/FE-Take-Home/fruits-app/node_modules/jest-circus/build/legacy-code-todo-rewrite/jestAdapterInit.js:170:21)\n    at jestAdapter (/Users/mdb/Documents/GitHub/brandtalent-87870798/FE-Take-Home/fruits-app/node_modules/jest-circus/build/legacy-code-todo-rewrite/jestAdapter.js:82:19)\n    at runTestInternal (/Users/mdb/Documents/GitHub/brandtalent-87870798/FE-Take-Home/fruits-app/node_modules/jest-runner/build/runTest.js:389:16)\n    at runTest (/Users/mdb/Documents/GitHub/brandtalent-87870798/FE-Take-Home/fruits-app/node_modules/jest-runner/build/runTest.js:475:34)\n    at Object.worker (/Users/mdb/Documents/GitHub/brandtalent-87870798/FE-Take-Home/fruits-app/node_modules/jest-runner/build/testWorker.js:133:12)"],"fullName":"FruitList calls onViewModeChange when view mode is changed","location":null,"status":"failed","title":"calls onViewModeChange when view mode is changed"},{"ancestorTitles":["FruitList"],"failureMessages":[],"fullName":"FruitList calls onGroupByChange when group by is changed","location":null,"status":"passed","title":"calls onGroupByChange when group by is changed"},{"ancestorTitles":["FruitList"],"failureMessages":["TestingLibraryElementError: Found multiple elements with the text: Rosaceae\n\nHere are the matching elements:\n\nIgnored nodes: comments, script, style\n\u001b[36m<p\u001b[39m\n  \u001b[33mclass\u001b[39m=\u001b[32m\"text-sm text-gray-600\"\u001b[39m\n\u001b[36m>\u001b[39m\n  \u001b[0mRosaceae\u001b[0m\n\u001b[36m</p>\u001b[39m\n\nIgnored nodes: comments, script, style\n\u001b[36m<p\u001b[39m\n  \u001b[33mclass\u001b[39m=\u001b[32m\"text-sm text-gray-600\"\u001b[39m\n\u001b[36m>\u001b[39m\n  \u001b[0mRosaceae\u001b[0m\n\u001b[36m</p>\u001b[39m\n\n(If this is intentional, then use the `*AllBy*` variant of the query (like `queryAllByText`, `getAllByText`, or `findAllByText`)).\n\nIgnored nodes: comments, script, style\n\u001b[36m<body>\u001b[39m\n  \u001b[36m<div>\u001b[39m\n    \u001b[36m<div\u001b[39m\n      \u001b[33maria-label\u001b[39m=\u001b[32m\"Fruit list controls and display\"\u001b[39m\n      \u001b[33mclass\u001b[39m=\u001b[32m\"w-full\"\u001b[39m\n      \u001b[33mrole\u001b[39m=\u001b[32m\"region\"\u001b[39m\n    \u001b[36m>\u001b[39m\n      \u001b[36m<div\u001b[39m\n        \u001b[33mclass\u001b[39m=\u001b[32m\"flex flex-col md:flex-row md:items-center md:justify-between mb-4 gap-2\"\u001b[39m\n      \u001b[36m>\u001b[39m\n        \u001b[36m<div\u001b[39m\n          \u001b[33mclass\u001b[39m=\u001b[32m\"flex items-center gap-2\"\u001b[39m\n        \u001b[36m>\u001b[39m\n          \u001b[36m<label\u001b[39m\n            \u001b[33mclass\u001b[39m=\u001b[32m\"text-gray-700 font-medium\"\u001b[39m\n            \u001b[33mfor\u001b[39m=\u001b[32m\"groupBy\"\u001b[39m\n          \u001b[36m>\u001b[39m\n            \u001b[0mGroup by:\u001b[0m\n          \u001b[36m</label>\u001b[39m\n          \u001b[36m<select\u001b[39m\n            \u001b[33maria-describedby\u001b[39m=\u001b[32m\"groupBy-description\"\u001b[39m\n            \u001b[33mclass\u001b[39m=\u001b[32m\"border border-gray-300 rounded px-2 py-1 text-sm focus:outline-none focus:ring-2 focus:ring-primary-200\"\u001b[39m\n            \u001b[33mid\u001b[39m=\u001b[32m\"groupBy\"\u001b[39m\n          \u001b[36m>\u001b[39m\n            \u001b[36m<option\u001b[39m\n              \u001b[33mvalue\u001b[39m=\u001b[32m\"None\"\u001b[39m\n            \u001b[36m>\u001b[39m\n              \u001b[0mNone\u001b[0m\n            \u001b[36m</option>\u001b[39m\n            \u001b[36m<option\u001b[39m\n              \u001b[33mvalue\u001b[39m=\u001b[32m\"Family\"\u001b[39m\n            \u001b[36m>\u001b[39m\n              \u001b[0mFamily\u001b[0m\n            \u001b[36m</option>\u001b[39m\n            \u001b[36m<option\u001b[39m\n              \u001b[33mvalue\u001b[39m=\u001b[32m\"Order\"\u001b[39m\n            \u001b[36m>\u001b[39m\n              \u001b[0mOrder\u001b[0m\n            \u001b[36m</option>\u001b[39m\n            \u001b[36m<option\u001b[39m\n              \u001b[33mvalue\u001b[39m=\u001b[32m\"Genus\"\u001b[39m\n            \u001b[36m>\u001b[39m\n              \u001b[0mGenus\u001b[0m\n            \u001b[36m</option>\u001b[39m\n          \u001b[36m</select>\u001b[39m\n          \u001b[36m<span\u001b[39m\n            \u001b[33mclass\u001b[39m=\u001b[32m\"sr-only\"\u001b[39m\n            \u001b[33mid\u001b[39m=\u001b[32m\"groupBy-description\"\u001b[39m\n          \u001b[36m>\u001b[39m\n            \u001b[0mSelect how to group the fruits\u001b[0m\n          \u001b[36m</span>\u001b[39m\n        \u001b[36m</div>\u001b[39m\n        \u001b[36m<div\u001b[39m\n          \u001b[33mclass\u001b[39m=\u001b[32m\"flex items-center gap-2\"\u001b[39m\n        \u001b[36m>\u001b[39m\n          \u001b[36m<label\u001b[39m\n            \u001b[33mclass\u001b[39m=\u001b[32m\"text-gray-700 font-medium\"\u001b[39m\n            \u001b[33mfor\u001b[39m=\u001b[32m\"viewMode\"\u001b[39m\n          \u001b[36m>\u001b[39m\n            \u001b[0mView:\u001b[0m\n          \u001b[36m</label>\u001b[39m\n          \u001b[36m<select\u001b[39m\n            \u001b[33maria-describedby\u001b[39m=\u001b[32m\"viewMode-description\"\u001b[39m\n            \u001b[33mclass\u001b[39m=\u001b[32m\"border border-gray-300 rounded px-2 py-1 text-sm focus:outline-none focus:ring-2 focus:ring-primary-200\"\u001b[39m\n            \u001b[33mid\u001b[39m=\u001b[32m\"viewMode\"\u001b[39m\n          \u001b[36m>\u001b[39m\n            \u001b[36m<option\u001b[39m\n              \u001b[33mvalue\u001b[39m=\u001b[32m\"list\"\u001b[39m\n            \u001b[36m>\u001b[39m\n              \u001b[0mList\u001b[0m\n            \u001b[36m</option>\u001b[39m\n            \u001b[36m<option\u001b[39m\n              \u001b[33mvalue\u001b[39m=\u001b[32m\"table\"\u001b[39m\n            \u001b[36m>\u001b[39m\n              \u001b[0mTable\u001b[0m\n            \u001b[36m</option>\u001b[39m\n          \u001b[36m</select>\u001b[39m\n          \u001b[36m<span\u001b[39m\n            \u001b[33mclass\u001b[39m=\u001b[32m\"sr-only\"\u001b[39m\n            \u001b[33mid\u001b[39m=\u001b[32m\"viewMode-description\"\u001b[39m\n          \u001b[36m>\u001b[39m\n            \u001b[0mSelect the display format for fruits\u001b[0m\n          \u001b[36m</span>\u001b[39m\n        \u001b[36m</div>\u001b[39m\n      \u001b[36m</div>\u001b[39m\n      \u001b[36m<div\u001b[39m\n        \u001b[33maria-label\u001b[39m=\u001b[32m\"Grouped fruit list\"\u001b[39m\n        \u001b[33mclass\u001b[39m=\u001b[32m\"divide-y divide-gray-200\"\u001b[39m\n        \u001b[33mrole\u001b[39m=\u001b[32m\"region\"\u001b[39m\n      \u001b[36m>\u001b[39m\n        \u001b[36m<div\u001b[39m\n          \u001b[33mclass\u001b[39m=\u001b[32m\"py-4\"\u001b[39m\n        \u001b[36m>\u001b[39m\n          \u001b[36m<div\u001b[39m\n            \u001b[33maria-expanded\u001b[39m=\u001b[32m\"false\"\u001b[39m\n            \u001b[33maria-label\u001b[39m=\u001b[32m\"Rosaceae group with 2 fruits. Click to expand.\"\u001b[39m\n            \u001b[33mclass\u001b[39m=\u001b[32m\"flex items-center justify-between cursor-pointer select-none group-header hover:bg-blue-50 focus:bg-blue-50 p-2 rounded transition-colors focus:outline-none focus:ring-2 focus:ring-blue-500 focus:ring-inset\"\u001b[39m\n            \u001b[33mrole\u001b[39m=\u001b[32m\"button\"\u001b[39m\n            \u001b[33mtabindex\u001b[39m=\u001b[32m\"0\"\u001b[39m\n          \u001b[36m>\u001b[39m\n            \u001b[36m<span\u001b[39m\n              \u001b[33mclass\u001b[39m=\u001b[32m\"text-lg font-semibold text-gray-800\"\u001b[39m\n            \u001b[36m>\u001b[39m\n              \u001b[0mRosaceae\u001b[0m\n              \u001b[0m (\u001b[0m\n              \u001b[0m2\u001b[0m\n              \u001b[0m)\u001b[0m\n            \u001b[36m</span>\u001b[39m\n            \u001b[36m<button\u001b[39m\n              \u001b[33maria-label\u001b[39m=\u001b[32m\"Add all Rosaceae fruits to jar\"\u001b[39m\n              \u001b[33mclass\u001b[39m=\u001b[32m\"px-3 py-1 bg-primary-600 hover:bg-primary-700 text-white text-xs font-medium rounded transition-colors focus:outline-none focus:ring-2 focus:ring-primary-500 focus:ring-offset-2\"\u001b[39m\n            \u001b[36m>\u001b[39m\n              \u001b[0mAdd All\u001b[0m\n            \u001b[36m</button>\u001b[39m\n          \u001b[36m</div>\u001b[39m\n          \u001b[36m<div\u001b[39m\n            \u001b[33maria-hidden\u001b[39m=\u001b[32m\"true\"\u001b[39m\n            \u001b[33mclass\u001b[39m=\u001b[32m\"transition-all duration-300 max-h-0 opacity-0 overflow-hidden\"\u001b[39m\n          \u001b[36m>\u001b[39m\n            \u001b[36m<div\u001b[39m\n              \u001b[33maria-label\u001b[39m=\u001b[32m\"List of fruits\"\u001b[39m\n              \u001b[33mclass\u001b[39m=\u001b[32m\"border border-gray-200 rounded-lg overflow-hidden\"\u001b[39m\n              \u001b[33mrole\u001b[39m=\u001b[32m\"list\"\u001b[39m\n              \u001b[33mstyle\u001b[39m=\u001b[32m\"height: 600px;\"\u001b[39m\n            \u001b[36m>\u001b[39m\n              \u001b[36m<div\u001b[39m\n                \u001b[33maria-label\u001b[39m=\u001b[32m\"Scrollable fruit list\"\u001b[39m\n                \u001b[33mclass\u001b[39m=\u001b[32m\"relative overflow-auto\"\u001b[39m\n                \u001b[33mrole\u001b[39m=\u001b[32m\"listbox\"\u001b[39m\n                \u001b[33mstyle\u001b[39m=\u001b[32m\"height: 100%;\"\u001b[39m\n              \u001b[36m>\u001b[39m\n                \u001b[36m<div\u001b[39m\n                  \u001b[33mstyle\u001b[39m=\u001b[32m\"height: 160px; position: relative;\"\u001b[39m\n                \u001b[36m>\u001b[39m\n                  \u001b[36m<div\u001b[39m\n                    \u001b[33mstyle\u001b[39m=\u001b[32m\"transform: translateY(0px);\"\u001b[39m\n                  \u001b[36m>\u001b[39m\n                    \u001b[36m<div\u001b[39m\n                      \u001b[33maria-label\u001b[39m=\u001b[32m\"Apple, Rosaceae family, 52 calories. Click to view details.\"\u001b[39m\n                      \u001b[33mclass\u001b[39m=\u001b[32m\"flex items-center justify-between p-4 border-b border-gray-100 hover:bg-blue-50 focus:bg-blue-50 focus:outline-none focus:ring-2 focus:ring-blue-500 focus:ring-inset transition-colors cursor-pointer\"\u001b[39m\n                      \u001b[33mrole\u001b[39m=\u001b[32m\"listitem\"\u001b[39m\n                      \u001b[33mstyle\u001b[39m=\u001b[32m\"height: 80px;\"\u001b[39m\n                      \u001b[33mtabindex\u001b[39m=\u001b[32m\"0\"\u001b[39m\n                    \u001b[36m>\u001b[39m\n                      \u001b[36m<div\u001b[39m\n                        \u001b[33mclass\u001b[39m=\u001b[32m\"flex-1\"\u001b[39m\n                      \u001b[36m>\u001b[39m\n                        \u001b[36m<div\u001b[39m\n                          \u001b[33mclass\u001b[39m=\u001b[32m\"flex items-center space-x-3\"\u001b[39m\n                        \u001b[36m>\u001b[39m\n                          \u001b[36m<div\u001b[39m\n                            \u001b[33maria-hidden\u001b[39m=\u001b[32m\"true\"\u001b[39m\n                            \u001b[33mclass\u001b[39m=\u001b[32m\"text-2xl\"\u001b[39m\n                          \u001b[36m>\u001b[39m\n                            \u001b[0m🍎\u001b[0m\n                          \u001b[36m</div>\u001b[39m\n                          \u001b[36m<div>\u001b[39m\n                            \u001b[36m<h3\u001b[39m\n                              \u001b[33mclass\u001b[39m=\u001b[32m\"font-semibold text-gray-900\"\u001b[39m\n                            \u001b[36m>\u001b[39m\n                              \u001b[0mApple\u001b[0m\n                            \u001b[36m</h3>\u001b[39m\n                            \u001b[36m<p\u001b[39m\n                              \u001b[33mclass\u001b[39m=\u001b[32m\"text-sm text-gray-600\"\u001b[39m\n                            \u001b[36m>\u001b[39m\n                              \u001b[0mRosaceae\u001b[0m\n                            \u001b[36m</p>\u001b[39m\n                          \u001b[36m</div>\u001b[39m\n                        \u001b[36m</div>\u001b[39m\n                      \u001b[36m</div>\u001b[39m\n                      \u001b[36m<div\u001b[39m\n                        \u001b[33mclass\u001b[39m=\u001b[32m\"flex items-center space-x-2\"\u001b[39m\n                      \u001b[36m>\u001b[39m\n                        \u001b[36m<span\u001b[39m\n                          \u001b[33mclass\u001b[39m=\u001b[32m\"text-sm text-gray-500\"\u001b[39m\n                        \u001b[36m>\u001b[39m\n                          \u001b[0m52\u001b[0m\n                          \u001b[0m cal\u001b[0m\n                        \u001b[36m</span>\u001b[39m\n                        \u001b[36m<button\u001b[39m\n                          \u001b[33maria-label\u001b[39m=\u001b[32m\"Add Apple to jar\"\u001b[39m\n                          \u001b[33mclass\u001b[39m=\u001b[32m\"px-3 py-1 text-sm bg-primary-600 hover:bg-primary-700 text-white rounded transition-colors focus:outline-none focus:ring-2 focus:ring-primary-500 focus:ring-offset-2\"\u001b[39m\n                        \u001b[36m>\u001b[39m\n                          \u001b[0mAdd\u001b[0m\n                        \u001b[36m</button>\u001b[39m\n                      \u001b[36m</div>\u001b[39m\n                    \u001b[36m</div>\u001b[39m\n                    \u001b[36m<div\u001b[39m\n                      \u001b[33maria-label\u001b[39m=\u001b[32m\"Strawberry, Rosaceae family, 32 calories. Click to view details.\"\u001b[39m\n                      \u001b[33mclass\u001b[39m=\u001b[32m\"flex items-center justify-between p-4 border-b border-gray-100 hover:bg-blue-50 focus:bg-blue-50 focus:outline-none focus:ring-2 focus:ring-blue-500 focus:ring-inset transition-colors cursor-pointer\"\u001b[39m\n                      \u001b[33mrole\u001b[39m=\u001b[32m\"listitem\"\u001b[39m\n                      \u001b[33mstyle\u001b[39m=\u001b[32m\"height: 80px;\"\u001b[39m\n                      \u001b[33mtabindex\u001b[39m=\u001b[32m\"0\"\u001b[39m\n                    \u001b[36m>\u001b[39m\n                      \u001b[36m<div\u001b[39m\n                        \u001b[33mclass\u001b[39m=\u001b[32m\"flex-1\"\u001b[39m\n                      \u001b[36m>\u001b[39m\n                        \u001b[36m<div\u001b[39m\n                          \u001b[33mclass\u001b[39m=\u001b[32m\"flex items-center space-x-3\"\u001b[39m\n                        \u001b[36m>\u001b[39m\n                          \u001b[36m<div\u001b[39m\n                            \u001b[33maria-hidden\u001b[39m=\u001b[32m\"true\"\u001b[39m\n                            \u001b[33mclass\u001b[39m=\u001b[32m\"text-2xl\"\u001b[39m\n                          \u001b[36m>\u001b[39m\n                            \u001b[0m🍓\u001b[0m\n                          \u001b[36m</div>\u001b[39m\n                          \u001b[36m<div>\u001b[39m\n                            \u001b[36m<h3\u001b[39m\n                              \u001b[33mclass\u001b[39m=\u001b[32m\"font-semibold text-gray-900\"\u001b[39m\n                            \u001b[36m>\u001b[39m\n                              \u001b[0mStrawberry\u001b[0m\n                            \u001b[36m</h3>\u001b[39m\n                            \u001b[36m<p\u001b[39m\n                              \u001b[33mclass\u001b[39m=\u001b[32m\"text-sm text-gray-600\"\u001b[39m\n                            \u001b[36m>\u001b[39m\n                              \u001b[0mRosaceae\u001b[0m\n                            \u001b[36m</p>\u001b[39m\n                          \u001b[36m</div>\u001b[39m\n                        \u001b[36m</div>\u001b[39m\n                      \u001b[36m</div>\u001b[39m\n                      \u001b[36m<div\u001b[39m\n                        \u001b[33mclass\u001b[39m=\u001b[32m\"flex items-center space-x-2\"\u001b[39m\n                      \u001b[36m>\u001b[39m\n                        \u001b[36m<span\u001b[39m\n                          \u001b[33mclass\u001b[39m=\u001b[32m\"text-sm text-gray-500\"\u001b[39m\n                        \u001b[36m>\u001b[39m\n                          \u001b[0m32\u001b[0m\n                          \u001b[0m cal\u001b[0m\n                        \u001b[36m</span>\u001b[39m\n                        \u001b[36m<button\u001b[39m\n                          \u001b[33maria-label\u001b[39m=\u001b[32m\"Add Strawberry to jar\"\u001b[39m\n                          \u001b[33mclass\u001b[39m=\u001b[32m\"px-3 py-1 text-sm bg-primary-600 hover:bg-primary-700 text-white rounded transition-colors focus:outline-none focus:ring-2 focus:ring-primary-500 focus:ring-offset-2\"\u001b[39m\n                        \u001b[36m>\u001b[39m\n                          \u001b[0mAdd\u001b[0m\n                        \u001b[36m</button>\u001b[39m\n                      \u001b[36m</div>\u001b[39m\n                    \u001b[36m</div>\u001b[39m\n                  \u001b[36m</div>\u001b[39m\n                \u001b[36m</div>\u001b[39m\n              \u001b[36m</div>\u001b[39m\n            \u001b[36m</div>\u001b[39m\n          \u001b[36m</div>\u001b[39m\n        \u001b[36m</div>\u001b[39m\n        \u001b[36m<div\u001b[39m\n          \u001b[33mclass\u001b[39m=\u001b[32m\"py-4\"\u001b[39m\n        \u001b[36m>\u001b[39m\n          \u001b[36m<div\u001b[39m\n            \u001b[33maria-expanded\u001b[39m=\u001b[32m\"false\"\u001b[39m\n            \u001b[33maria-label\u001b[39m=\u001b[32m\"Musaceae group with 1 fruits. Click to expand.\"\u001b[39m\n            \u001b[33mclass\u001b[39m=\u001b[32m\"flex items-center justify-between cursor-pointer select-none group-header hover:bg-blue-50 focus:bg-blue-50 p-2 rounded transition-colors focus:outline-none focus:ring-2 focus:ring-blue-500 focus:ring-inset\"\u001b[39m\n            \u001b[33mrole\u001b[39m=\u001b[32m\"button\"\u001b[39m\n            \u001b[33mtabindex\u001b[39m=\u001b[32m\"0\"\u001b[39m\n          \u001b[36m>\u001b[39m\n            \u001b[36m<span\u001b[39m\n              \u001b[33mclass\u001b[39m=\u001b[32m\"text-lg font-semibold text-gray-800\"\u001b[39m\n            \u001b[36m>\u001b[39m\n              \u001b[0mMusaceae\u001b[0m\n              \u001b[0m (\u001b[0m\n              \u001b[0m1\u001b[0m\n              \u001b[0m)\u001b[0m\n            \u001b[36m</span>\u001b[39m\n            \u001b[36m<button\u001b[39m\n              \u001b[33maria-label\u001b[39m=\u001b[32m\"Add all Musaceae fruits to jar\"\u001b[39m\n              \u001b[33mclass\u001b[39m=\u001b[32m\"px-3 py-1 bg-primary-600 hover:bg-primary-700 text-white text-xs font-medium rounded transition-colors focus:outline-none focus:ring-2 focus:ring-primary-500 focus:ring-offset-2\"\u001b[39m\n            \u001b[36m>\u001b[39m\n              \u001b[0mAdd All\u001b[0m\n            \u001b[36m</button>\u001b[39m\n          \u001b[36m</div>\u001b[39m\n          \u001b[36m<div\u001b[39m\n            \u001b[33maria-hidden\u001b[39m=\u001b[32m\"true\"\u001b[39m\n            \u001b[33mclass\u001b[39m=\u001b[32m\"transition-all duration-300 max-h-0 opacity-0 overflow-hidden\"\u001b[39m\n          \u001b[36m>\u001b[39m\n            \u001b[36m<div\u001b[39m\n              \u001b[33maria-label\u001b[39m=\u001b[32m\"List of fruits\"\u001b[39m\n              \u001b[33mclass\u001b[39m=\u001b[32m\"border border-gray-200 rounded-lg overflow-hidden\"\u001b[39m\n              \u001b[33mrole\u001b[39m=\u001b[32m\"list\"\u001b[39m\n              \u001b[33mstyle\u001b[39m=\u001b[32m\"height: 600px;\"\u001b[39m\n            \u001b[36m>\u001b[39m\n              \u001b[36m<div\u001b[39m\n                \u001b[33maria-label\u001b[39m=\u001b[32m\"Scrollable fruit list\"\u001b[39m\n                \u001b[33mclass\u001b[39m=\u001b[32m\"relative overflow-auto\"\u001b[39m\n                \u001b[33mrole\u001b[39m=\u001b[32m\"listbox\"\u001b[39m\n                \u001b[33mstyle\u001b[39m=\u001b[32m\"height: 100%;\"\u001b[39m\n              \u001b[36m>\u001b[39m\n                \u001b[36m<div\u001b[39m\n                  \u001b[33mstyle\u001b[39m=\u001b[32m\"height: 80px; position: relative;\"\u001b[39m\n                \u001b[36m>\u001b[39m\n                  \u001b[36m<div\u001b[39m\n                    \u001b[33mstyle\u001b[39m=\u001b[32m\"transform: translateY(0px);\"\u001b[39m\n                  \u001b[36m>\u001b[39m\n                    \u001b[36m<div\u001b[39m\n                      \u001b[33maria-label\u001b[39m=\u001b[32m\"Banana, Musaceae family, 89 calories. Click to view details.\"\u001b[39m\n                      \u001b[33mclass\u001b[39m=\u001b[32m\"flex items-center justify-between p-4 border-b border-gray-100 hover:bg-blue-50 focus:bg-blue-50 focus:outline-none focus:ring-2 focus:ring-blue-500 focus:ring-inset transition-colors cursor-pointer\"\u001b[39m\n                      \u001b[33mrole\u001b[39m=\u001b[32m\"listitem\"\u001b[39m\n                      \u001b[33mstyle\u001b[39m=\u001b[32m\"height: 80px;\"\u001b[39m\n                      \u001b[33mtabindex\u001b[39m=\u001b[32m\"0\"\u001b[39m\n                    \u001b[36m>\u001b[39m\n                      \u001b[36m<div\u001b[39m\n                        \u001b[33mclass\u001b[39m=\u001b[32m\"flex-1\"\u001b[39m\n                      \u001b[36m>\u001b[39m\n                        \u001b[36m<div\u001b[39m\n                          \u001b[33mclass\u001b[39m=\u001b[32m\"flex items-center space-x-3\"\u001b[39m\n                        \u001b[36m>\u001b[39m\n                          \u001b[36m<div\u001b[39m\n                            \u001b[33maria-hidden\u001b[39m=\u001b[32m\"true\"\u001b[39m\n                            \u001b[33mclass\u001b[39m=\u001b[32m\"text-2xl\"\u001b[39m\n                          \u001b[36m>\u001b[39m\n                            \u001b[0m🍌\u001b[0m\n                          \u001b[36m</div>\u001b[39m\n                          \u001b[36m<div>\u001b[39m\n                            \u001b[36m<h3\u001b[39m\n                              \u001b[33mclass\u001b[39m=\u001b[32m\"font-semibold text-gray-900\"\u001b[39m\n                            \u001b[36m>\u001b[39m\n                              \u001b[0mBanana\u001b[0m\n                            \u001b[36m</h3>\u001b[39m\n                            \u001b[36m<p\u001b[39m\n                              \u001b[33mclass\u001b[39m=\u001b[32m\"text-sm text-gray-600\"\u001b[39m\n                            \u001b[36m>\u001b[39m\n                              \u001b[0mMusaceae\u001b[0m\n                            \u001b[36m</p>\u001b[39m\n                          \u001b[36m</div>\u001b[39m\n                        \u001b[36m</div>\u001b[39m\n                      \u001b[36m</div>\u001b[39m\n                      \u001b[36m<div\u001b[39m\n                        \u001b[33mclass\u001b[39m=\u001b[32m\"flex items-center space-x-2\"\u001b[39m\n                      \u001b[36m>\u001b[39m\n                        \u001b[36m<span\u001b[39m\n                          \u001b[33mclass\u001b[39m=\u001b[32m\"text-sm text-gray-500\"\u001b[39m\n                        \u001b[36m>\u001b[39m\n                          \u001b[0m89\u001b[0m\n                          \u001b[0m cal\u001b[0m\n                        \u001b[36m</span>\u001b[39m\n                        \u001b[36m<button\u001b[39m\n                          \u001b[33maria-label\u001b[39m=\u001b[32m\"Add Banana to jar\"\u001b[39m\n                          \u001b[33mclass\u001b[39m=\u001b[32m\"px-3 py-1 text-sm bg-primary-600 hover:bg-primary-700 text-white rounded transition-colors focus:outline-none focus:ring-2 focus:ring-primary-500 focus:ring-offset-2\"\u001b[39m\n                        \u001b[36m>\u001b[39m\n                          \u001b[0mAdd\u001b[0m\n                        \u001b[36m</button>\u001b[39m\n                      \u001b[36m</div>\u001b[39m\n                    \u001b[36m</div>\u001b[39m\n                  \u001b[36m</div>\u001b[39m\n                \u001b[36m</div>\u001b[39m\n              \u001b[36m</div>\u001b[39m\n            \u001b[36m</div>\u001b[39m\n          \u001b[36m</div>\u001b[39m\n        \u001b[36m</div>\u001b[39m\n      \u001b[36m</div>\u001b[39m\n    \u001b[36m</div>\u001b[39m\n  \u001b[36m</div>\u001b[39m\n\u001b[36m</body>\u001b[39m\n    at Object.getElementError (/Users/mdb/Documents/GitHub/brandtalent-87870798/FE-Take-Home/fruits-app/node_modules/@testing-library/dom/dist/config.js:37:19)\n    at getElementError (/Users/mdb/Documents/GitHub/brandtalent-87870798/FE-Take-Home/fruits-app/node_modules/@testing-library/dom/dist/query-helpers.js:20:35)\n    at getMultipleElementsFoundError (/Users/mdb/Documents/GitHub/brandtalent-87870798/FE-Take-Home/fruits-app/node_modules/@testing-library/dom/dist/query-helpers.js:23:10)\n    at /Users/mdb/Documents/GitHub/brandtalent-87870798/FE-Take-Home/fruits-app/node_modules/@testing-library/dom/dist/query-helpers.js:55:13\n    at getByText (/Users/mdb/Documents/GitHub/brandtalent-87870798/FE-Take-Home/fruits-app/node_modules/@testing-library/dom/dist/query-helpers.js:95:19)\n    at Object.<anonymous> (/Users/mdb/Documents/GitHub/brandtalent-87870798/FE-Take-Home/fruits-app/src/components/FruitList/FruitList.test.tsx:104:19)\n    at Promise.then.completed (/Users/mdb/Documents/GitHub/brandtalent-87870798/FE-Take-Home/fruits-app/node_modules/jest-circus/build/utils.js:391:28)\n    at new Promise (<anonymous>)\n    at callAsyncCircusFn (/Users/mdb/Documents/GitHub/brandtalent-87870798/FE-Take-Home/fruits-app/node_modules/jest-circus/build/utils.js:316:10)\n    at _callCircusTest (/Users/mdb/Documents/GitHub/brandtalent-87870798/FE-Take-Home/fruits-app/node_modules/jest-circus/build/run.js:218:40)\n    at processTicksAndRejections (node:internal/process/task_queues:95:5)\n    at _runTest (/Users/mdb/Documents/GitHub/brandtalent-87870798/FE-Take-Home/fruits-app/node_modules/jest-circus/build/run.js:155:3)\n    at _runTestsForDescribeBlock (/Users/mdb/Documents/GitHub/brandtalent-87870798/FE-Take-Home/fruits-app/node_modules/jest-circus/build/run.js:66:9)\n    at _runTestsForDescribeBlock (/Users/mdb/Documents/GitHub/brandtalent-87870798/FE-Take-Home/fruits-app/node_modules/jest-circus/build/run.js:60:9)\n    at run (/Users/mdb/Documents/GitHub/brandtalent-87870798/FE-Take-Home/fruits-app/node_modules/jest-circus/build/run.js:25:3)\n    at runAndTransformResultsToJestFormat (/Users/mdb/Documents/GitHub/brandtalent-87870798/FE-Take-Home/fruits-app/node_modules/jest-circus/build/legacy-code-todo-rewrite/jestAdapterInit.js:170:21)\n    at jestAdapter (/Users/mdb/Documents/GitHub/brandtalent-87870798/FE-Take-Home/fruits-app/node_modules/jest-circus/build/legacy-code-todo-rewrite/jestAdapter.js:82:19)\n    at runTestInternal (/Users/mdb/Documents/GitHub/brandtalent-87870798/FE-Take-Home/fruits-app/node_modules/jest-runner/build/runTest.js:389:16)\n    at runTest (/Users/mdb/Documents/GitHub/brandtalent-87870798/FE-Take-Home/fruits-app/node_modules/jest-runner/build/runTest.js:475:34)\n    at Object.worker (/Users/mdb/Documents/GitHub/brandtalent-87870798/FE-Take-Home/fruits-app/node_modules/jest-runner/build/testWorker.js:133:12)"],"fullName":"FruitList groups fruits by family when groupBy is Family","location":null,"status":"failed","title":"groups fruits by family when groupBy is Family"},{"ancestorTitles":["FruitList"],"failureMessages":["TestingLibraryElementError: Unable to find an element with the text: Rosales. This could be because the text is broken up by multiple elements. In this case, you can provide a function for your text matcher to make your matcher more flexible.\n\nIgnored nodes: comments, script, style\n\u001b[36m<body>\u001b[39m\n  \u001b[36m<div>\u001b[39m\n    \u001b[36m<div\u001b[39m\n      \u001b[33maria-label\u001b[39m=\u001b[32m\"Fruit list controls and display\"\u001b[39m\n      \u001b[33mclass\u001b[39m=\u001b[32m\"w-full\"\u001b[39m\n      \u001b[33mrole\u001b[39m=\u001b[32m\"region\"\u001b[39m\n    \u001b[36m>\u001b[39m\n      \u001b[36m<div\u001b[39m\n        \u001b[33mclass\u001b[39m=\u001b[32m\"flex flex-col md:flex-row md:items-center md:justify-between mb-4 gap-2\"\u001b[39m\n      \u001b[36m>\u001b[39m\n        \u001b[36m<div\u001b[39m\n          \u001b[33mclass\u001b[39m=\u001b[32m\"flex items-center gap-2\"\u001b[39m\n        \u001b[36m>\u001b[39m\n          \u001b[36m<label\u001b[39m\n            \u001b[33mclass\u001b[39m=\u001b[32m\"text-gray-700 font-medium\"\u001b[39m\n            \u001b[33mfor\u001b[39m=\u001b[32m\"groupBy\"\u001b[39m\n          \u001b[36m>\u001b[39m\n            \u001b[0mGroup by:\u001b[0m\n          \u001b[36m</label>\u001b[39m\n          \u001b[36m<select\u001b[39m\n            \u001b[33maria-describedby\u001b[39m=\u001b[32m\"groupBy-description\"\u001b[39m\n            \u001b[33mclass\u001b[39m=\u001b[32m\"border border-gray-300 rounded px-2 py-1 text-sm focus:outline-none focus:ring-2 focus:ring-primary-200\"\u001b[39m\n            \u001b[33mid\u001b[39m=\u001b[32m\"groupBy\"\u001b[39m\n          \u001b[36m>\u001b[39m\n            \u001b[36m<option\u001b[39m\n              \u001b[33mvalue\u001b[39m=\u001b[32m\"None\"\u001b[39m\n            \u001b[36m>\u001b[39m\n              \u001b[0mNone\u001b[0m\n            \u001b[36m</option>\u001b[39m\n            \u001b[36m<option\u001b[39m\n              \u001b[33mvalue\u001b[39m=\u001b[32m\"Family\"\u001b[39m\n            \u001b[36m>\u001b[39m\n              \u001b[0mFamily\u001b[0m\n            \u001b[36m</option>\u001b[39m\n            \u001b[36m<option\u001b[39m\n              \u001b[33mvalue\u001b[39m=\u001b[32m\"Order\"\u001b[39m\n            \u001b[36m>\u001b[39m\n              \u001b[0mOrder\u001b[0m\n            \u001b[36m</option>\u001b[39m\n            \u001b[36m<option\u001b[39m\n              \u001b[33mvalue\u001b[39m=\u001b[32m\"Genus\"\u001b[39m\n            \u001b[36m>\u001b[39m\n              \u001b[0mGenus\u001b[0m\n            \u001b[36m</option>\u001b[39m\n          \u001b[36m</select>\u001b[39m\n          \u001b[36m<span\u001b[39m\n            \u001b[33mclass\u001b[39m=\u001b[32m\"sr-only\"\u001b[39m\n            \u001b[33mid\u001b[39m=\u001b[32m\"groupBy-description\"\u001b[39m\n          \u001b[36m>\u001b[39m\n            \u001b[0mSelect how to group the fruits\u001b[0m\n          \u001b[36m</span>\u001b[39m\n        \u001b[36m</div>\u001b[39m\n        \u001b[36m<div\u001b[39m\n          \u001b[33mclass\u001b[39m=\u001b[32m\"flex items-center gap-2\"\u001b[39m\n        \u001b[36m>\u001b[39m\n          \u001b[36m<label\u001b[39m\n            \u001b[33mclass\u001b[39m=\u001b[32m\"text-gray-700 font-medium\"\u001b[39m\n            \u001b[33mfor\u001b[39m=\u001b[32m\"viewMode\"\u001b[39m\n          \u001b[36m>\u001b[39m\n            \u001b[0mView:\u001b[0m\n          \u001b[36m</label>\u001b[39m\n          \u001b[36m<select\u001b[39m\n            \u001b[33maria-describedby\u001b[39m=\u001b[32m\"viewMode-description\"\u001b[39m\n            \u001b[33mclass\u001b[39m=\u001b[32m\"border border-gray-300 rounded px-2 py-1 text-sm focus:outline-none focus:ring-2 focus:ring-primary-200\"\u001b[39m\n            \u001b[33mid\u001b[39m=\u001b[32m\"viewMode\"\u001b[39m\n          \u001b[36m>\u001b[39m\n            \u001b[36m<option\u001b[39m\n              \u001b[33mvalue\u001b[39m=\u001b[32m\"list\"\u001b[39m\n            \u001b[36m>\u001b[39m\n              \u001b[0mList\u001b[0m\n            \u001b[36m</option>\u001b[39m\n            \u001b[36m<option\u001b[39m\n              \u001b[33mvalue\u001b[39m=\u001b[32m\"table\"\u001b[39m\n            \u001b[36m>\u001b[39m\n              \u001b[0mTable\u001b[0m\n            \u001b[36m</option>\u001b[39m\n          \u001b[36m</select>\u001b[39m\n          \u001b[36m<span\u001b[39m\n            \u001b[33mclass\u001b[39m=\u001b[32m\"sr-only\"\u001b[39m\n            \u001b[33mid\u001b[39m=\u001b[32m\"viewMode-description\"\u001b[39m\n          \u001b[36m>\u001b[39m\n            \u001b[0mSelect the display format for fruits\u001b[0m\n          \u001b[36m</span>\u001b[39m\n        \u001b[36m</div>\u001b[39m\n      \u001b[36m</div>\u001b[39m\n      \u001b[36m<div\u001b[39m\n        \u001b[33maria-label\u001b[39m=\u001b[32m\"Grouped fruit list\"\u001b[39m\n        \u001b[33mclass\u001b[39m=\u001b[32m\"divide-y divide-gray-200\"\u001b[39m\n        \u001b[33mrole\u001b[39m=\u001b[32m\"region\"\u001b[39m\n      \u001b[36m>\u001b[39m\n        \u001b[36m<div\u001b[39m\n          \u001b[33mclass\u001b[39m=\u001b[32m\"py-4\"\u001b[39m\n        \u001b[36m>\u001b[39m\n          \u001b[36m<div\u001b[39m\n            \u001b[33maria-expanded\u001b[39m=\u001b[32m\"false\"\u001b[39m\n            \u001b[33maria-label\u001b[39m=\u001b[32m\"Rosales group with 2 fruits. Click to expand.\"\u001b[39m\n            \u001b[33mclass\u001b[39m=\u001b[32m\"flex items-center justify-between cursor-pointer select-none group-header hover:bg-blue-50 focus:bg-blue-50 p-2 rounded transition-colors focus:outline-none focus:ring-2 focus:ring-blue-500 focus:ring-inset\"\u001b[39m\n            \u001b[33mrole\u001b[39m=\u001b[32m\"button\"\u001b[39m\n            \u001b[33mtabindex\u001b[39m=\u001b[32m\"0\"\u001b[39m\n          \u001b[36m>\u001b[39m\n            \u001b[36m<span\u001b[39m\n              \u001b[33mclass\u001b[39m=\u001b[32m\"text-lg font-semibold text-gray-800\"\u001b[39m\n            \u001b[36m>\u001b[39m\n              \u001b[0mRosales\u001b[0m\n              \u001b[0m (\u001b[0m\n              \u001b[0m2\u001b[0m\n              \u001b[0m)\u001b[0m\n            \u001b[36m</span>\u001b[39m\n            \u001b[36m<button\u001b[39m\n              \u001b[33maria-label\u001b[39m=\u001b[32m\"Add all Rosales fruits to jar\"\u001b[39m\n              \u001b[33mclass\u001b[39m=\u001b[32m\"px-3 py-1 bg-primary-600 hover:bg-primary-700 text-white text-xs font-medium rounded transition-colors focus:outline-none focus:ring-2 focus:ring-primary-500 focus:ring-offset-2\"\u001b[39m\n            \u001b[36m>\u001b[39m\n              \u001b[0mAdd All\u001b[0m\n            \u001b[36m</button>\u001b[39m\n          \u001b[36m</div>\u001b[39m\n          \u001b[36m<div\u001b[39m\n            \u001b[33maria-hidden\u001b[39m=\u001b[32m\"true\"\u001b[39m\n            \u001b[33mclass\u001b[39m=\u001b[32m\"transition-all duration-300 max-h-0 opacity-0 overflow-hidden\"\u001b[39m\n          \u001b[36m>\u001b[39m\n            \u001b[36m<div\u001b[39m\n              \u001b[33maria-label\u001b[39m=\u001b[32m\"List of fruits\"\u001b[39m\n              \u001b[33mclass\u001b[39m=\u001b[32m\"border border-gray-200 rounded-lg overflow-hidden\"\u001b[39m\n              \u001b[33mrole\u001b[39m=\u001b[32m\"list\"\u001b[39m\n              \u001b[33mstyle\u001b[39m=\u001b[32m\"height: 600px;\"\u001b[39m\n            \u001b[36m>\u001b[39m\n              \u001b[36m<div\u001b[39m\n                \u001b[33maria-label\u001b[39m=\u001b[32m\"Scrollable fruit list\"\u001b[39m\n                \u001b[33mclass\u001b[39m=\u001b[32m\"relative overflow-auto\"\u001b[39m\n                \u001b[33mrole\u001b[39m=\u001b[32m\"listbox\"\u001b[39m\n                \u001b[33mstyle\u001b[39m=\u001b[32m\"height: 100%;\"\u001b[39m\n              \u001b[36m>\u001b[39m\n                \u001b[36m<div\u001b[39m\n                  \u001b[33mstyle\u001b[39m=\u001b[32m\"height: 160px; position: relative;\"\u001b[39m\n                \u001b[36m>\u001b[39m\n                  \u001b[36m<div\u001b[39m\n                    \u001b[33mstyle\u001b[39m=\u001b[32m\"transform: translateY(0px);\"\u001b[39m\n                  \u001b[36m>\u001b[39m\n                    \u001b[36m<div\u001b[39m\n                      \u001b[33maria-label\u001b[39m=\u001b[32m\"Apple, Rosaceae family, 52 calories. Click to view details.\"\u001b[39m\n                      \u001b[33mclass\u001b[39m=\u001b[32m\"flex items-center justify-between p-4 border-b border-gray-100 hover:bg-blue-50 focus:bg-blue-50 focus:outline-none focus:ring-2 focus:ring-blue-500 focus:ring-inset transition-colors cursor-pointer\"\u001b[39m\n                      \u001b[33mrole\u001b[39m=\u001b[32m\"listitem\"\u001b[39m\n                      \u001b[33mstyle\u001b[39m=\u001b[32m\"height: 80px;\"\u001b[39m\n                      \u001b[33mtabindex\u001b[39m=\u001b[32m\"0\"\u001b[39m\n                    \u001b[36m>\u001b[39m\n                      \u001b[36m<div\u001b[39m\n                        \u001b[33mclass\u001b[39m=\u001b[32m\"flex-1\"\u001b[39m\n                      \u001b[36m>\u001b[39m\n                        \u001b[36m<div\u001b[39m\n                          \u001b[33mclass\u001b[39m=\u001b[32m\"flex items-center space-x-3\"\u001b[39m\n                        \u001b[36m>\u001b[39m\n                          \u001b[36m<div\u001b[39m\n                            \u001b[33maria-hidden\u001b[39m=\u001b[32m\"true\"\u001b[39m\n                            \u001b[33mclass\u001b[39m=\u001b[32m\"text-2xl\"\u001b[39m\n                          \u001b[36m>\u001b[39m\n                            \u001b[0m🍎\u001b[0m\n                          \u001b[36m</div>\u001b[39m\n                          \u001b[36m<div>\u001b[39m\n                            \u001b[36m<h3\u001b[39m\n                              \u001b[33mclass\u001b[39m=\u001b[32m\"font-semibold text-gray-900\"\u001b[39m\n                            \u001b[36m>\u001b[39m\n                              \u001b[0mApple\u001b[0m\n                            \u001b[36m</h3>\u001b[39m\n                            \u001b[36m<p\u001b[39m\n                              \u001b[33mclass\u001b[39m=\u001b[32m\"text-sm text-gray-600\"\u001b[39m\n                            \u001b[36m>\u001b[39m\n                              \u001b[0mRosaceae\u001b[0m\n                            \u001b[36m</p>\u001b[39m\n                          \u001b[36m</div>\u001b[39m\n                        \u001b[36m</div>\u001b[39m\n                      \u001b[36m</div>\u001b[39m\n                      \u001b[36m<div\u001b[39m\n                        \u001b[33mclass\u001b[39m=\u001b[32m\"flex items-center space-x-2\"\u001b[39m\n                      \u001b[36m>\u001b[39m\n                        \u001b[36m<span\u001b[39m\n                          \u001b[33mclass\u001b[39m=\u001b[32m\"text-sm text-gray-500\"\u001b[39m\n                        \u001b[36m>\u001b[39m\n                          \u001b[0m52\u001b[0m\n                          \u001b[0m cal\u001b[0m\n                        \u001b[36m</span>\u001b[39m\n                        \u001b[36m<button\u001b[39m\n                          \u001b[33maria-label\u001b[39m=\u001b[32m\"Add Apple to jar\"\u001b[39m\n                          \u001b[33mclass\u001b[39m=\u001b[32m\"px-3 py-1 text-sm bg-primary-600 hover:bg-primary-700 text-white rounded transition-colors focus:outline-none focus:ring-2 focus:ring-primary-500 focus:ring-offset-2\"\u001b[39m\n                        \u001b[36m>\u001b[39m\n                          \u001b[0mAdd\u001b[0m\n                        \u001b[36m</button>\u001b[39m\n                      \u001b[36m</div>\u001b[39m\n                    \u001b[36m</div>\u001b[39m\n                    \u001b[36m<div\u001b[39m\n                      \u001b[33maria-label\u001b[39m=\u001b[32m\"Strawberry, Rosaceae family, 32 calories. Click to view details.\"\u001b[39m\n                      \u001b[33mclass\u001b[39m=\u001b[32m\"flex items-center justify-between p-4 border-b border-gray-100 hover:bg-blue-50 focus:bg-blue-50 focus:outline-none focus:ring-2 focus:ring-blue-500 focus:ring-inset transition-colors cursor-pointer\"\u001b[39m\n                      \u001b[33mrole\u001b[39m=\u001b[32m\"listitem\"\u001b[39m\n                      \u001b[33mstyle\u001b[39m=\u001b[32m\"height: 80px;\"\u001b[39m\n                      \u001b[33mtabindex\u001b[39m=\u001b[32m\"0\"\u001b[39m\n                    \u001b[36m>\u001b[39m\n                      \u001b[36m<div\u001b[39m\n                        \u001b[33mclass\u001b[39m=\u001b[32m\"flex-1\"\u001b[39m\n                      \u001b[36m>\u001b[39m\n                        \u001b[36m<div\u001b[39m\n                          \u001b[33mclass\u001b[39m=\u001b[32m\"flex items-center space-x-3\"\u001b[39m\n                        \u001b[36m>\u001b[39m\n                          \u001b[36m<div\u001b[39m\n                            \u001b[33maria-hidden\u001b[39m=\u001b[32m\"true\"\u001b[39m\n                            \u001b[33mclass\u001b[39m=\u001b[32m\"text-2xl\"\u001b[39m\n                          \u001b[36m>\u001b[39m\n                            \u001b[0m🍓\u001b[0m\n                          \u001b[36m</div>\u001b[39m\n                          \u001b[36m<div>\u001b[39m\n                            \u001b[36m<h3\u001b[39m\n                              \u001b[33mclass\u001b[39m=\u001b[32m\"font-semibold text-gray-900\"\u001b[39m\n                            \u001b[36m>\u001b[39m\n                              \u001b[0mStrawberry\u001b[0m\n                            \u001b[36m</h3>\u001b[39m\n                            \u001b[36m<p\u001b[39m\n                              \u001b[33mclass\u001b[39m=\u001b[32m\"text-sm text-gray-600\"\u001b[39m\n                            \u001b[36m>\u001b[39m\n                              \u001b[0mRosaceae\u001b[0m\n                            \u001b[36m</p>\u001b[39m\n                          \u001b[36m</div>\u001b[39m\n                        \u001b[36m</div>\u001b[39m\n                      \u001b[36m</div>\u001b[39m\n                      \u001b[36m<div\u001b[39m\n                        \u001b[33mclass\u001b[39m=\u001b[32m\"flex items-center space-x-2\"\u001b[39m\n                      \u001b[36m>\u001b[39m\n                        \u001b[36m<span\u001b[39m\n                          \u001b[33mclass\u001b[39m=\u001b[32m\"text-sm text-gray-500\"\u001b[39m\n                        \u001b[36m>\u001b[39m\n                          \u001b[0m32\u001b[0m\n                          \u001b[0m cal\u001b[0m\n                        \u001b[36m</span>\u001b[39m\n                        \u001b[36m<button\u001b[39m\n                          \u001b[33maria-label\u001b[39m=\u001b[32m\"Add Strawberry to jar\"\u001b[39m\n                          \u001b[33mclass\u001b[39m=\u001b[32m\"px-3 py-1 text-sm bg-primary-600 hover:bg-primary-700 text-white rounded transition-colors focus:outline-none focus:ring-2 focus:ring-primary-500 focus:ring-offset-2\"\u001b[39m\n                        \u001b[36m>\u001b[39m\n                          \u001b[0mAdd\u001b[0m\n                        \u001b[36m</button>\u001b[39m\n                      \u001b[36m</div>\u001b[39m\n                    \u001b[36m</div>\u001b[39m\n                  \u001b[36m</div>\u001b[39m\n                \u001b[36m</div>\u001b[39m\n              \u001b[36m</div>\u001b[39m\n            \u001b[36m</div>\u001b[39m\n          \u001b[36m</div>\u001b[39m\n
[...]
36m>\u001b[39m\n          \u001b[0m🍯 Fruit Jar\u001b[0m\n        \u001b[36m</h2>\u001b[39m\n        \u001b[36m<div\u001b[39m\n          \u001b[33maria-labelledby\u001b[39m=\u001b[32m\"jar-title\"\u001b[39m\n          \u001b[33mclass\u001b[39m=\u001b[32m\"flex items-center space-x-4\"\u001b[39m\n        \u001b[36m>\u001b[39m\n          \u001b[36m<span\u001b[39m\n            \u001b[33mclass\u001b[39m=\u001b[32m\"text-sm text-gray-600\"\u001b[39m\n          \u001b[36m>\u001b[39m\n            \u001b[36m<strong\u001b[39m\n              \u001b[33mclass\u001b[39m=\u001b[32m\"text-primary-600\"\u001b[39m\n            \u001b[36m>\u001b[39m\n              \u001b[0m3\u001b[0m\n            \u001b[36m</strong>\u001b[39m\n            \u001b[0m items\u001b[0m\n          \u001b[36m</span>\u001b[39m\n          \u001b[36m<span\u001b[39m\n            \u001b[33mclass\u001b[39m=\u001b[32m\"text-sm text-gray-600\"\u001b[39m\n          \u001b[36m>\u001b[39m\n            \u001b[36m<strong\u001b[39m\n              \u001b[33mclass\u001b[39m=\u001b[32m\"text-green-600\"\u001b[39m\n            \u001b[36m>\u001b[39m\n              \u001b[0m193\u001b[0m\n            \u001b[36m</strong>\u001b[39m\n            \u001b[0m calories\u001b[0m\n          \u001b[36m</span>\u001b[39m\n        \u001b[36m</div>\u001b[39m\n        \u001b[36m<button\u001b[39m\n          \u001b[33maria-describedby\u001b[39m=\u001b[32m\"chart-description\"\u001b[39m\n          \u001b[33maria-label\u001b[39m=\u001b[32m\"Show item list\"\u001b[39m\n          \u001b[33mclass\u001b[39m=\u001b[32m\"px-4 py-2 bg-primary-600 hover:bg-primary-700 text-white rounded-lg transition-colors disabled:opacity-50 disabled:cursor-not-allowed focus:outline-none focus:ring-2 focus:ring-primary-500 focus:ring-offset-2\"\u001b[39m\n        \u001b[36m>\u001b[39m\n          \u001b[0mShow Item List\u001b[0m\n        \u001b[36m</button>\u001b[39m\n        \u001b[36m<span\u001b[39m\n          \u001b[33mclass\u001b[39m=\u001b[32m\"sr-only\"\u001b[39m\n          \u001b[33mid\u001b[39m=\u001b[32m\"chart-description\"\u001b[39m\n        \u001b[36m>\u001b[39m\n          \u001b[0mToggle between list and chart view of fruits in the jar\u001b[0m\n        \u001b[36m</span>\u001b[39m\n      \u001b[36m</div>\u001b[39m\n      \u001b[36m<div>\u001b[39m\n        \u001b[36m<div\u001b[39m\n          \u001b[33mclass\u001b[39m=\u001b[32m\"w-full flex items-center justify-center\"\u001b[39m\n        \u001b[36m>\u001b[39m\n          \u001b[36m<div\u001b[39m\n            \u001b[33mclass\u001b[39m=\u001b[32m\"h-80 w-full\"\u001b[39m\n          \u001b[36m>\u001b[39m\n            \u001b[36m<div\u001b[39m\n              \u001b[33mclass\u001b[39m=\u001b[32m\"recharts-responsive-container\"\u001b[39m\n              \u001b[33mstyle\u001b[39m=\u001b[32m\"width: 100%; height: 100%; min-width: 0;\"\u001b[39m\n            \u001b[36m>\u001b[39m\n              \u001b[36m<div\u001b[39m\n                \u001b[33mstyle\u001b[39m=\u001b[32m\"width: 0px; height: 0px; overflow: visible;\"\u001b[39m\n              \u001b[36m/>\u001b[39m\n            \u001b[36m</div>\u001b[39m\n          \u001b[36m</div>\u001b[39m\n        \u001b[36m</div>\u001b[39m\n      \u001b[36m</div>\u001b[39m\n    \u001b[36m</div>\u001b[39m\n  \u001b[36m</div>\u001b[39m\n\u001b[36m</body>\u001b[39m\n    at Object.getElementError (/Users/mdb/Documents/GitHub/brandtalent-87870798/FE-Take-Home/fruits-app/node_modules/@testing-library/dom/dist/config.js:37:19)\n    at /Users/mdb/Documents/GitHub/brandtalent-87870798/FE-Take-Home/fruits-app/node_modules/@testing-library/dom/dist/query-helpers.js:76:38\n    at /Users/mdb/Documents/GitHub/brandtalent-87870798/FE-Take-Home/fruits-app/node_modules/@testing-library/dom/dist/query-helpers.js:52:17\n    at getByText (/Users/mdb/Documents/GitHub/brandtalent-87870798/FE-Take-Home/fruits-app/node_modules/@testing-library/dom/dist/query-helpers.js:95:19)\n    at Object.<anonymous> (/Users/mdb/Documents/GitHub/brandtalent-87870798/FE-Take-Home/fruits-app/src/components/Jar/Jar.test.tsx:110:19)\n    at Promise.then.completed (/Users/mdb/Documents/GitHub/brandtalent-87870798/FE-Take-Home/fruits-app/node_modules/jest-circus/build/utils.js:391:28)\n    at new Promise (<anonymous>)\n    at callAsyncCircusFn (/Users/mdb/Documents/GitHub/brandtalent-87870798/FE-Take-Home/fruits-app/node_modules/jest-circus/build/utils.js:316:10)\n    at _callCircusTest (/Users/mdb/Documents/GitHub/brandtalent-87870798/FE-Take-Home/fruits-app/node_modules/jest-circus/build/run.js:218:40)\n    at processTicksAndRejections (node:internal/process/task_queues:95:5)\n    at _runTest (/Users/mdb/Documents/GitHub/brandtalent-87870798/FE-Take-Home/fruits-app/node_modules/jest-circus/build/run.js:155:3)\n    at _runTestsForDescribeBlock (/Users/mdb/Documents/GitHub/brandtalent-87870798/FE-Take-Home/fruits-app/node_modules/jest-circus/build/run.js:66:9)\n    at _runTestsForDescribeBlock (/Users/mdb/Documents/GitHub/brandtalent-87870798/FE-Take-Home/fruits-app/node_modules/jest-circus/build/run.js:60:9)\n    at run (/Users/mdb/Documents/GitHub/brandtalent-87870798/FE-Take-Home/fruits-app/node_modules/jest-circus/build/run.js:25:3)\n    at runAndTransformResultsToJestFormat (/Users/mdb/Documents/GitHub/brandtalent-87870798/FE-Take-Home/fruits-app/node_modules/jest-circus/build/legacy-code-todo-rewrite/jestAdapterInit.js:170:21)\n    at jestAdapter (/Users/mdb/Documents/GitHub/brandtalent-87870798/FE-Take-Home/fruits-app/node_modules/jest-circus/build/legacy-code-todo-rewrite/jestAdapter.js:82:19)\n    at runTestInternal (/Users/mdb/Documents/GitHub/brandtalent-87870798/FE-Take-Home/fruits-app/node_modules/jest-runner/build/runTest.js:389:16)\n    at runTest (/Users/mdb/Documents/GitHub/brandtalent-87870798/FE-Take-Home/fruits-app/node_modules/jest-runner/build/runTest.js:475:34)\n    at Object.worker (/Users/mdb/Documents/GitHub/brandtalent-87870798/FE-Take-Home/fruits-app/node_modules/jest-runner/build/testWorker.js:133:12)"],"fullName":"Jar shows chart when showChart is true","location":null,"status":"failed","title":"shows chart when showChart is true"},{"ancestorTitles":["Jar"],"failureMessages":[],"fullName":"Jar displays empty state when jar is empty","location":null,"status":"passed","title":"displays empty state when jar is empty"},{"ancestorTitles":["Jar"],"failureMessages":[],"fullName":"Jar displays correct total calories for empty jar","location":null,"status":"passed","title":"displays correct total calories for empty jar"},{"ancestorTitles":["Jar"],"failureMessages":[],"fullName":"Jar handles single item in jar","location":null,"status":"passed","title":"handles single item in jar"},{"ancestorTitles":["Jar"],"failureMessages":[],"fullName":"Jar displays calorie information for each item","location":null,"status":"passed","title":"displays calorie information for each item"}],"endTime":1752527099136,"message":"\u001b[1m\u001b[31m  \u001b[1m● \u001b[22m\u001b[1mJar › shows chart when showChart is true\u001b[39m\u001b[22m\n\n    TestingLibraryElementError: Unable to find an element with the text: Hide Chart. This could be because the text is broken up by multiple elements. In this case, you can provide a function for your text matcher to make your matcher more flexible.\n\n    Ignored nodes: comments, script, style\n    \u001b[36m<body>\u001b[39m\n      \u001b[36m<div>\u001b[39m\n        \u001b[36m<div\u001b[39m\n          \u001b[33maria-label\u001b[39m=\u001b[32m\"Fruit jar\"\u001b[39m\n          \u001b[33mclass\u001b[39m=\u001b[32m\"bg-white rounded-lg shadow-lg p-6\"\u001b[39m\n          \u001b[33mrole\u001b[39m=\u001b[32m\"region\"\u001b[39m\n        \u001b[36m>\u001b[39m\n          \u001b[36m<div\u001b[39m\n            \u001b[33mclass\u001b[39m=\u001b[32m\"flex items-center justify-between mb-6\"\u001b[39m\n          \u001b[36m>\u001b[39m\n            \u001b[36m<h2\u001b[39m\n              \u001b[33mclass\u001b[39m=\u001b[32m\"text-2xl font-bold text-gray-900\"\u001b[39m\n              \u001b[33mid\u001b[39m=\u001b[32m\"jar-title\"\u001b[39m\n            \u001b[36m>\u001b[39m\n              \u001b[0m🍯 Fruit Jar\u001b[0m\n            \u001b[36m</h2>\u001b[39m\n            \u001b[36m<div\u001b[39m\n              \u001b[33maria-labelledby\u001b[39m=\u001b[32m\"jar-title\"\u001b[39m\n              \u001b[33mclass\u001b[39m=\u001b[32m\"flex items-center space-x-4\"\u001b[39m\n            \u001b[36m>\u001b[39m\n              \u001b[36m<span\u001b[39m\n                \u001b[33mclass\u001b[39m=\u001b[32m\"text-sm text-gray-600\"\u001b[39m\n              \u001b[36m>\u001b[39m\n                \u001b[36m<strong\u001b[39m\n                  \u001b[33mclass\u001b[39m=\u001b[32m\"text-primary-600\"\u001b[39m\n                \u001b[36m>\u001b[39m\n                  \u001b[0m3\u001b[0m\n                \u001b[36m</strong>\u001b[39m\n                \u001b[0m items\u001b[0m\n              \u001b[36m</span>\u001b[39m\n              \u001b[36m<span\u001b[39m\n                \u001b[33mclass\u001b[39m=\u001b[32m\"text-sm text-gray-600\"\u001b[39m\n              \u001b[36m>\u001b[39m\n                \u001b[36m<strong\u001b[39m\n                  \u001b[33mclass\u001b[39m=\u001b[32m\"text-green-600\"\u001b[39m\n                \u001b[36m>\u001b[39m\n                  \u001b[0m193\u001b[0m\n                \u001b[36m</strong>\u001b[39m\n                \u001b[0m calories\u001b[0m\n              \u001b[36m</span>\u001b[39m\n            \u001b[36m</div>\u001b[39m\n            \u001b[36m<button\u001b[39m\n              \u001b[33maria-describedby\u001b[39m=\u001b[32m\"chart-description\"\u001b[39m\n              \u001b[33maria-label\u001b[39m=\u001b[32m\"Show item list\"\u001b[39m\n              \u001b[33mclass\u001b[39m=\u001b[32m\"px-4 py-2 bg-primary-600 hover:bg-primary-700 text-white rounded-lg transition-colors disabled:opacity-50 disabled:cursor-not-allowed focus:outline-none focus:ring-2 focus:ring-primary-500 focus:ring-offset-2\"\u001b[39m\n            \u001b[36m>\u001b[39m\n              \u001b[0mShow Item List\u001b[0m\n            \u001b[36m</button>\u001b[39m\n            \u001b[36m<span\u001b[39m\n              \u001b[33mclass\u001b[39m=\u001b[32m\"sr-only\"\u001b[39m\n              \u001b[33mid\u001b[39m=\u001b[32m\"chart-description\"\u001b[39m\n            \u001b[36m>\u001b[39m\n              \u001b[0mToggle between list and chart view of fruits in the jar\u001b[0m\n            \u001b[36m</span>\u001b[39m\n          \u001b[36m</div>\u001b[39m\n          \u001b[36m<div>\u001b[39m\n            \u001b[36m<div\u001b[39m\n              \u001b[33mclass\u001b[39m=\u001b[32m\"w-full flex items-center justify-center\"\u001b[39m\n            \u001b[36m>\u001b[39m\n              \u001b[36m<div\u001b[39m\n                \u001b[33mclass\u001b[39m=\u001b[32m\"h-80 w-full\"\u001b[39m\n              \u001b[36m>\u001b[39m\n                \u001b[36m<div\u001b[39m\n                  \u001b[33mclass\u001b[39m=\u001b[32m\"recharts-responsive-container\"\u001b[39m\n                  \u001b[33mstyle\u001b[39m=\u001b[32m\"width: 100%; height: 100%; min-width: 0;\"\u001b[39m\n                \u001b[36m>\u001b[39m\n                  \u001b[36m<div\u001b[39m\n                    \u001b[33mstyle\u001b[39m=\u001b[32m\"width: 0px; height: 0px; overflow: visible;\"\u001b[39m\n                  \u001b[36m/>\u001b[39m\n                \u001b[36m</div>\u001b[39m\n              \u001b[36m</div>\u001b[39m\n            \u001b[36m</div>\u001b[39m\n          \u001b[36m</div>\u001b[39m\n        \u001b[36m</div>\u001b[39m\n      \u001b[36m</div>\u001b[39m\n    \u001b[36m</body>\u001b[39m\n\u001b[2m\u001b[22m\n\u001b[2m    \u001b[0m \u001b[90m 108 |\u001b[39m     \u001b[22m\n\u001b[2m     \u001b[90m 109 |\u001b[39m     render(\u001b[33m<\u001b[39m\u001b[33mJar\u001b[39m {\u001b[33m...\u001b[39mdefaultProps} showChart\u001b[33m=\u001b[39m{\u001b[36mtrue\u001b[39m} \u001b[33m/\u001b[39m\u001b[33m>\u001b[39m)\u001b[33m;\u001b[39m\u001b[22m\n\u001b[2m    \u001b[31m\u001b[1m>\u001b[22m\u001b[2m\u001b[39m\u001b[90m 110 |\u001b[39m     expect(screen\u001b[33m.\u001b[39mgetByText(\u001b[32m'Hide Chart'\u001b[39m))\u001b[33m.\u001b[39mtoBeInTheDocument()\u001b[33m;\u001b[39m\u001b[22m\n\u001b[2m     \u001b[90m     |\u001b[39m                   \u001b[31m\u001b[1m^\u001b[22m\u001b[2m\u001b[39m\u001b[22m\n\u001b[2m     \u001b[90m 111 |\u001b[39m   })\u001b[33m;\u001b[39m\u001b[22m\n\u001b[2m     \u001b[90m 112 |\u001b[39m\u001b[22m\n\u001b[2m     \u001b[90m 113 |\u001b[39m   it(\u001b[32m'displays empty state when jar is empty'\u001b[39m\u001b[33m,\u001b[39m () \u001b[33m=>\u001b[39m {\u001b[0m\u001b[22m\n\u001b[2m\u001b[22m\n\u001b[2m      \u001b[2mat Object.getElementError (\u001b[22m\u001b[2mnode_modules/@testing-library/dom/dist/config.js\u001b[2m:37:19)\u001b[22m\u001b[2m\u001b[22m\n\u001b[2m      \u001b[2mat \u001b[22m\u001b[2mnode_modules/@testing-library/dom/dist/query-helpers.js\u001b[2m:76:38\u001b[22m\u001b[2m\u001b[22m\n\u001b[2m      \u001b[2mat \u001b[22m\u001b[2mnode_modules/@testing-library/dom/dist/query-helpers.js\u001b[2m:52:17\u001b[22m\u001b[2m\u001b[22m\n\u001b[2m      \u001b[2mat getByText (\u001b[22m\u001b[2mnode_modules/@testing-library/dom/dist/query-helpers.js\u001b[2m:95:19)\u001b[22m\u001b[2m\u001b[22m\n\u001b[2m      \u001b[2mat Object.<anonymous> (\u001b[22m\u001b[2m\u001b[0m\u001b[36msrc/components/Jar/Jar.test.tsx\u001b[39m\u001b[0m\u001b[2m:110:19)\u001b[22m\u001b[2m\u001b[22m\n","name":"/Users/mdb/Documents/GitHub/brandtalent-87870798/FE-Take-Home/fruits-app/src/components/Jar/Jar.test.tsx","startTime":1752527098309,"status":"failed","summary":""},{"assertionResults":[{"ancestorTitles":["useFruitsApp"],"failureMessages":[],"fullName":"useFruitsApp initializes with default state","location":null,"status":"passed","title":"initializes with default state"},{"ancestorTitles":["useFruitsApp"],"failureMessages":[],"fullName":"useFruitsApp fetches fruits on mount","location":null,"status":"passed","title":"fetches fruits on mount"},{"ancestorTitles":["useFruitsApp"],"failureMessages":[],"fullName":"useFruitsApp handles API errors","location":null,"status":"passed","title":"handles API errors"},{"ancestorTitles":["useFruitsApp"],"failureMessages":[],"fullName":"useFruitsApp handles add fruit to jar","location":null,"status":"passed","title":"handles add fruit to jar"},{"ancestorTitles":["useFruitsApp"],"failureMessages":[],"fullName":"useFruitsApp handles add group to jar","location":null,"status":"passed","title":"handles add group to jar"},{"ancestorTitles":["useFruitsApp"],"failureMessages":[],"fullName":"useFruitsApp handles remove from jar","location":null,"status":"passed","title":"handles remove from jar"},{"ancestorTitles":["useFruitsApp"],"failureMessages":[],"fullName":"useFruitsApp handles update quantity","location":null,"status":"passed","title":"handles update quantity"},{"ancestorTitles":["useFruitsApp"],"failureMessages":[],"fullName":"useFruitsApp removes item when quantity is set to 0","location":null,"status":"passed","title":"removes item when quantity is set to 0"},{"ancestorTitles":["useFruitsApp"],"failureMessages":[],"fullName":"useFruitsApp handles group by changes","location":null,"status":"passed","title":"handles group by changes"},{"ancestorTitles":["useFruitsApp"],"failureMessages":[],"fullName":"useFruitsApp handles view mode changes","location":null,"status":"passed","title":"handles view mode changes"},{"ancestorTitles":["useFruitsApp"],"failureMessages":[],"fullName":"useFruitsApp handles chart toggle","location":null,"status":"passed","title":"handles chart toggle"},{"ancestorTitles":["useFruitsApp"],"failureMessages":[],"fullName":"useFruitsApp refetches data when refetch is called","location":null,"status":"passed","title":"refetches data when refetch is called"},{"ancestorTitles":["useFruitsApp"],"failureMessages":["Error: \u001b[2mexpect(\u001b[22m\u001b[31mreceived\u001b[39m\u001b[2m).\u001b[22mtoBeDefined\u001b[2m()\u001b[22m\n\nReceived: \u001b[31mundefined\u001b[39m\n\nIgnored nodes: comments, script, style\n\u001b[36m<html>\u001b[39m\n  \u001b[36m<head />\u001b[39m\n  \u001b[36m<body>\u001b[39m\n    \u001b[36m<div />\u001b[39m\n  \u001b[36m</body>\u001b[39m\n\u001b[36m</html>\u001b[39m\n    at /Users/mdb/Documents/GitHub/brandtalent-87870798/FE-Take-Home/fruits-app/src/hooks/useFruitsApp.test.ts:242:29\n    at runWithExpensiveErrorDiagnosticsDisabled (/Users/mdb/Documents/GitHub/brandtalent-87870798/FE-Take-Home/fruits-app/node_modules/@testing-library/dom/dist/config.js:47:12)\n    at checkCallback (/Users/mdb/Documents/GitHub/brandtalent-87870798/FE-Take-Home/fruits-app/node_modules/@testing-library/dom/dist/wait-for.js:124:77)\n    at checkRealTimersCallback (/Users/mdb/Documents/GitHub/brandtalent-87870798/FE-Take-Home/fruits-app/node_modules/@testing-library/dom/dist/wait-for.js:118:16)\n    at Timeout.task [as _onTimeout] (/Users/mdb/Documents/GitHub/brandtalent-87870798/FE-Take-Home/fruits-app/node_modules/jsdom/lib/jsdom/browser/Window.js:516:19)\n    at listOnTimeout (node:internal/timers:581:17)\n    at processTimers (node:internal/timers:519:7)"],"fullName":"useFruitsApp groups fruits correctly","location":null,"status":"failed","title":"groups fruits correctly"}],"endTime":1752527100284,"message":"\u001b[1m\u001b[31m  \u001b[1m● \u001b[22m\u001b[1museFruitsApp › groups fruits correctly\u001b[39m\u001b[22m\n\n    \u001b[2mexpect(\u001b[22m\u001b[31mreceived\u001b[39m\u001b[2m).\u001b[22mtoBeDefined\u001b[2m()\u001b[22m\n\n    Received: \u001b[31mundefined\u001b[39m\n\n    Ignored nodes: comments, script, style\n    \u001b[36m<html>\u001b[39m\n      \u001b[36m<head />\u001b[39m\n      \u001b[36m<body>\u001b[39m\n        \u001b[36m<div />\u001b[39m\n      \u001b[36m</body>\u001b[39m\n    \u001b[36m</html>\u001b[39m\n\u001b[2m\u001b[22m\n\u001b[2m    \u001b[0m \u001b[90m 240 |\u001b[39m     \u001b[36mawait\u001b[39m waitFor(() \u001b[33m=>\u001b[39m {\u001b[22m\n\u001b[2m     \u001b[90m 241 |\u001b[39m       \u001b[36mconst\u001b[39m groupedFruits \u001b[33m=\u001b[39m result\u001b[33m.\u001b[39mcurrent\u001b[33m.\u001b[39mgroupedFruits\u001b[33m;\u001b[39m\u001b[22m\n\u001b[2m    \u001b[31m\u001b[1m>\u001b[22m\u001b[2m\u001b[39m\u001b[90m 242 |\u001b[39m       expect(groupedFruits)\u001b[33m.\u001b[39mtoBeDefined()\u001b[33m;\u001b[39m\u001b[22m\n\u001b[2m     \u001b[90m     |\u001b[39m                             \u001b[31m\u001b[1m^\u001b[22m\u001b[2m\u001b[39m\u001b[22m\n\u001b[2m     \u001b[90m 243 |\u001b[39m       expect(groupedFruits)\u001b[33m.\u001b[39mtoHaveProperty(\u001b[32m'Rosaceae'\u001b[39m)\u001b[33m;\u001b[39m\u001b[22m\n\u001b[2m     \u001b[90m 244 |\u001b[39m       expect(groupedFruits)\u001b[33m.\u001b[39mtoHaveProperty(\u001b[32m'Musaceae'\u001b[39m)\u001b[33m;\u001b[39m\u001b[22m\n\u001b[2m     \u001b[90m 245 |\u001b[39m     })\u001b[33m;\u001b[39m\u001b[0m\u001b[22m\n\u001b[2m\u001b[22m\n\u001b[2m      \u001b[2mat \u001b[22m\u001b[2m\u001b[0m\u001b[36msrc/hooks/useFruitsApp.test.ts\u001b[39m\u001b[0m\u001b[2m:242:29\u001b[22m\u001b[2m\u001b[22m\n\u001b[2m      \u001b[2mat runWithExpensiveErrorDiagnosticsDisabled (\u001b[22m\u001b[2mnode_modules/@testing-library/dom/dist/config.js\u001b[2m:47:12)\u001b[22m\u001b[2m\u001b[22m\n\u001b[2m      \u001b[2mat checkCallback (\u001b[22m\u001b[2mnode_modules/@testing-library/dom/dist/wait-for.js\u001b[2m:124:77)\u001b[22m\u001b[2m\u001b[22m\n\u001b[2m      \u001b[2mat checkRealTimersCallback (\u001b[22m\u001b[2mnode_modules/@testing-library/dom/dist/wait-for.js\u001b[2m:118:16)\u001b[22m\u001b[2m\u001b[22m\n\u001b[2m      \u001b[2mat Timeout.task [as _onTimeout] (\u001b[22m\u001b[2mnode_modules/jsdom/lib/jsdom/browser/Window.js\u001b[2m:516:19)\u001b[22m\u001b[2m\u001b[22m\n","name":"/Users/mdb/Documents/GitHub/brandtalent-87870798/FE-Take-Home/fruits-app/src/hooks/useFruitsApp.test.ts","startTime":1752527098300,"status":"failed","summary":""}],"wasInterrupted":false}